{"numTotalTestSuites":217,"numPassedTestSuites":214,"numFailedTestSuites":3,"numPendingTestSuites":0,"numTotalTests":645,"numPassedTests":636,"numFailedTests":3,"numPendingTests":4,"numTodoTests":2,"snapshot":{"added":0,"failure":false,"filesAdded":0,"filesRemoved":0,"filesRemovedList":[],"filesUnmatched":0,"filesUpdated":0,"matched":1,"total":1,"unchecked":0,"uncheckedKeysByFile":[],"unmatched":0,"updated":0,"didUpdate":false},"startTime":1750284936403,"success":false,"testResults":[{"assertionResults":[{"ancestorTitles":["Helper Functions from [[catchall]].js","isCrawler"],"fullName":"Helper Functions from [[catchall]].js isCrawler should return true for Googlebot","status":"passed","title":"should return true for Googlebot","duration":3.2450759999999264,"failureMessages":[],"meta":{}},{"ancestorTitles":["Helper Functions from [[catchall]].js","isCrawler"],"fullName":"Helper Functions from [[catchall]].js isCrawler should return false for a normal browser","status":"passed","title":"should return false for a normal browser","duration":0.5930009999999584,"failureMessages":[],"meta":{}},{"ancestorTitles":["Helper Functions from [[catchall]].js","escapeXml"],"fullName":"Helper Functions from [[catchall]].js escapeXml should escape XML special characters","status":"passed","title":"should escape XML special characters","duration":0.34909200000015517,"failureMessages":[],"meta":{}},{"ancestorTitles":["Helper Functions from [[catchall]].js","escapeXml"],"fullName":"Helper Functions from [[catchall]].js escapeXml should return empty string for non-string input","status":"passed","title":"should return empty string for non-string input","duration":2.0282069999998384,"failureMessages":[],"meta":{}},{"ancestorTitles":["onRequest (Main Router Remaining Tests)","Prerendering Handlers (Fallback Logic)"],"fullName":"onRequest (Main Router Remaining Tests) Prerendering Handlers (Fallback Logic) should fall through for crawler on non-prerenderable path","status":"passed","title":"should fall through for crawler on non-prerenderable path","duration":3.004412000000002,"failureMessages":[],"meta":{}},{"ancestorTitles":["onRequest (Main Router Remaining Tests)","Prerendering Handlers (Fallback Logic)"],"fullName":"onRequest (Main Router Remaining Tests) Prerendering Handlers (Fallback Logic) should fall through for crawler if quakeIdPathSegment is empty","status":"passed","title":"should fall through for crawler if quakeIdPathSegment is empty","duration":1.093069000000014,"failureMessages":[],"meta":{}},{"ancestorTitles":["onRequest (Main Router Remaining Tests)","Prerendering Handlers (Fallback Logic)"],"fullName":"onRequest (Main Router Remaining Tests) Prerendering Handlers (Fallback Logic) should fall through for crawler if clusterId is empty","status":"passed","title":"should fall through for crawler if clusterId is empty","duration":1.041550000000143,"failureMessages":[],"meta":{}},{"ancestorTitles":["onRequest (Main Router Remaining Tests)","Fallback and SPA Routing"],"fullName":"onRequest (Main Router Remaining Tests) Fallback and SPA Routing should call context.next() for unhandled non-API, non-sitemap, non-prerender paths if context.next is defined for non-crawler","status":"passed","title":"should call context.next() for unhandled non-API, non-sitemap, non-prerender paths if context.next is defined for non-crawler","duration":0.7993750000000546,"failureMessages":[],"meta":{}},{"ancestorTitles":["onRequest (Main Router Remaining Tests)","Fallback and SPA Routing"],"fullName":"onRequest (Main Router Remaining Tests) Fallback and SPA Routing should log unhandled path and attempt ASSETS.fetch if context.next is not defined and not an API/Sitemap/Prerender path","status":"passed","title":"should log unhandled path and attempt ASSETS.fetch if context.next is not defined and not an API/Sitemap/Prerender path","duration":4.941759999999931,"failureMessages":[],"meta":{}},{"ancestorTitles":["onRequest (Main Router Remaining Tests)","Fallback and SPA Routing"],"fullName":"onRequest (Main Router Remaining Tests) Fallback and SPA Routing should return 404 for a generic unhandled path when context.next and ASSETS.fetch are undefined/fail","status":"passed","title":"should return 404 for a generic unhandled path when context.next and ASSETS.fetch are undefined/fail","duration":1.5222870000000057,"failureMessages":[],"meta":{}}],"startTime":1750284967441,"endTime":1750284967460.5222,"status":"passed","message":"","name":"/app/functions/[[catchall]].test.js"},{"assertionResults":[{"ancestorTitles":["Prerendering Handler: /cluster/:id"],"fullName":"Prerendering Handler: /cluster/:id /cluster/some-cluster-id (old format) should return 404 due to invalid format","status":"passed","title":"/cluster/some-cluster-id (old format) should return 404 due to invalid format","duration":7.86950899999988,"failureMessages":[],"meta":{}},{"ancestorTitles":["Prerendering Handler: /cluster/:id","handlePrerenderCluster Slug Parsing and D1 Query (New URL Format)"],"fullName":"Prerendering Handler: /cluster/:id handlePrerenderCluster Slug Parsing and D1 Query (New URL Format) should correctly parse slug, query D1, fetch USGS, and generate HTML for: Valid slug","status":"passed","title":"should correctly parse slug, query D1, fetch USGS, and generate HTML for: Valid slug","duration":103.05958899999996,"failureMessages":[],"meta":{}},{"ancestorTitles":["Prerendering Handler: /cluster/:id","handlePrerenderCluster Slug Parsing and D1 Query (New URL Format)"],"fullName":"Prerendering Handler: /cluster/:id handlePrerenderCluster Slug Parsing and D1 Query (New URL Format) should correctly prerender with minimal D1 data, relying on slug and USGS fetch for details","status":"passed","title":"should correctly prerender with minimal D1 data, relying on slug and USGS fetch for details","duration":24.629680000000008,"failureMessages":[],"meta":{}},{"ancestorTitles":["Prerendering Handler: /cluster/:id","handlePrerenderCluster Slug Parsing and D1 Query (New URL Format)"],"fullName":"Prerendering Handler: /cluster/:id handlePrerenderCluster Slug Parsing and D1 Query (New URL Format) should correctly parse slug, query D1, fetch USGS, and generate HTML for: Valid slug with single-digit count","status":"passed","title":"should correctly parse slug, query D1, fetch USGS, and generate HTML for: Valid slug with single-digit count","duration":32.93820300000016,"failureMessages":[],"meta":{}},{"ancestorTitles":["Prerendering Handler: /cluster/:id","handlePrerenderCluster Slug Parsing and D1 Query (New URL Format)"],"fullName":"Prerendering Handler: /cluster/:id handlePrerenderCluster Slug Parsing and D1 Query (New URL Format) should return 404 for invalid slug (Completely invalid slug format): my-invalid-cluster-id-123","status":"passed","title":"should return 404 for invalid slug (Completely invalid slug format): my-invalid-cluster-id-123","duration":1.3250690000002123,"failureMessages":[],"meta":{}},{"ancestorTitles":["Prerendering Handler: /cluster/:id","handlePrerenderCluster Slug Parsing and D1 Query (New URL Format)"],"fullName":"Prerendering Handler: /cluster/:id handlePrerenderCluster Slug Parsing and D1 Query (New URL Format) should return 404 for invalid slug (Slug with non-numeric count): abc-quakes-near-location-up-to-m5.0-id1","status":"passed","title":"should return 404 for invalid slug (Slug with non-numeric count): abc-quakes-near-location-up-to-m5.0-id1","duration":1.1781529999998384,"failureMessages":[],"meta":{}},{"ancestorTitles":["Prerendering Handler: /cluster/:id","handlePrerenderCluster Slug Parsing and D1 Query (New URL Format)"],"fullName":"Prerendering Handler: /cluster/:id handlePrerenderCluster Slug Parsing and D1 Query (New URL Format) should return 404 for invalid slug (Slug missing final ID part): 10-quakes-near-location-up-to-m5.0-","status":"passed","title":"should return 404 for invalid slug (Slug missing final ID part): 10-quakes-near-location-up-to-m5.0-","duration":1.1021310000000994,"failureMessages":[],"meta":{}},{"ancestorTitles":["Prerendering Handler: /cluster/:id","handlePrerenderCluster Slug Parsing and D1 Query (New URL Format)"],"fullName":"Prerendering Handler: /cluster/:id handlePrerenderCluster Slug Parsing and D1 Query (New URL Format) should return 404 for invalid slug (Slug missing count part): -quakes-near-location-up-to-m5.0-id1","status":"passed","title":"should return 404 for invalid slug (Slug missing count part): -quakes-near-location-up-to-m5.0-id1","duration":1.5789729999999054,"failureMessages":[],"meta":{}},{"ancestorTitles":["Prerendering Handler: /cluster/:id","handlePrerenderCluster Slug Parsing and D1 Query (New URL Format)"],"fullName":"Prerendering Handler: /cluster/:id handlePrerenderCluster Slug Parsing and D1 Query (New URL Format) should return 404 for invalid slug (Slug too short for regex): 1-q-n-l-u-m1-id1","status":"passed","title":"should return 404 for invalid slug (Slug too short for regex): 1-q-n-l-u-m1-id1","duration":1.1679490000001351,"failureMessages":[],"meta":{}},{"ancestorTitles":["Prerendering Handler: /cluster/:id","handlePrerenderCluster Slug Parsing and D1 Query (New URL Format)"],"fullName":"Prerendering Handler: /cluster/:id handlePrerenderCluster Slug Parsing and D1 Query (New URL Format) should return 404 if D1 returns null for a parsed D1 Query ID","status":"passed","title":"should return 404 if D1 returns null for a parsed D1 Query ID","duration":4.750009000000091,"failureMessages":[],"meta":{}},{"ancestorTitles":["Prerendering Handler: /cluster/:id"],"fullName":"Prerendering Handler: /cluster/:id /cluster/some-cluster-id should handle D1 error during prerender","status":"passed","title":"/cluster/some-cluster-id should handle D1 error during prerender","duration":6.150365000000193,"failureMessages":[],"meta":{}},{"ancestorTitles":["Prerendering Handler: /cluster/:id"],"fullName":"Prerendering Handler: /cluster/:id /cluster/some-cluster-id should handle fetch error for strongest quake during prerender","status":"passed","title":"/cluster/some-cluster-id should handle fetch error for strongest quake during prerender","duration":28.856228999999985,"failureMessages":[],"meta":{}},{"ancestorTitles":["Prerendering Handler: /cluster/:id"],"fullName":"Prerendering Handler: /cluster/:id /cluster/some-cluster-id should handle DB undefined for prerender","status":"passed","title":"/cluster/some-cluster-id should handle DB undefined for prerender","duration":1.89372800000001,"failureMessages":[],"meta":{}},{"ancestorTitles":["Prerendering Handler: /cluster/:id"],"fullName":"Prerendering Handler: /cluster/:id /cluster/some-cluster-id should handle error parsing earthquakeIds from D1","status":"passed","title":"/cluster/some-cluster-id should handle error parsing earthquakeIds from D1","duration":1.9601529999999912,"failureMessages":[],"meta":{}}],"startTime":1750284945180,"endTime":1750284945399.9602,"status":"passed","message":"","name":"/app/functions/prerender-cluster.integration.test.js"},{"assertionResults":[{"ancestorTitles":["Prerendering Handler: /quake/:id"],"fullName":"Prerendering Handler: /quake/:id /quake/some-quake-id should trigger prerender for crawler","status":"passed","title":"/quake/some-quake-id should trigger prerender for crawler","duration":87.33175099999994,"failureMessages":[],"meta":{}},{"ancestorTitles":["Prerendering Handler: /quake/:id"],"fullName":"Prerendering Handler: /quake/:id /quake/some-quake-id should handle fetch error during prerender","status":"passed","title":"/quake/some-quake-id should handle fetch error during prerender","duration":13.095352999999932,"failureMessages":[],"meta":{}},{"ancestorTitles":["Prerendering Handler: /quake/:id"],"fullName":"Prerendering Handler: /quake/:id /quake/some-quake-id should handle non-JSON response during prerender","status":"passed","title":"/quake/some-quake-id should handle non-JSON response during prerender","duration":7.392843999999968,"failureMessages":[],"meta":{}},{"ancestorTitles":["Prerendering Handler: /quake/:id"],"fullName":"Prerendering Handler: /quake/:id /quake/some-quake-id should handle invalid quake data structure during prerender","status":"passed","title":"/quake/some-quake-id should handle invalid quake data structure during prerender","duration":5.612830999999915,"failureMessages":[],"meta":{}},{"ancestorTitles":["Prerendering Handler: /quake/:id"],"fullName":"Prerendering Handler: /quake/:id /quake/some-quake-id should handle non-ok fetch response during prerender","status":"passed","title":"/quake/some-quake-id should handle non-ok fetch response during prerender","duration":5.504240999999865,"failureMessages":[],"meta":{}}],"startTime":1750284956668,"endTime":1750284956786.5042,"status":"passed","message":"","name":"/app/functions/prerender-quake.integration.test.js"},{"assertionResults":[{"ancestorTitles":["Cluster Sitemap Handler and URL Generation"],"fullName":"Cluster Sitemap Handler and URL Generation /sitemap-clusters.xml should list clusters from D1 and return XML","status":"passed","title":"/sitemap-clusters.xml should list clusters from D1 and return XML","duration":90.92722200000003,"failureMessages":[],"meta":{}},{"ancestorTitles":["Cluster Sitemap Handler and URL Generation"],"fullName":"Cluster Sitemap Handler and URL Generation /sitemap-clusters.xml should handle DB not configured","status":"passed","title":"/sitemap-clusters.xml should handle DB not configured","duration":2.389312999999902,"failureMessages":[],"meta":{}},{"ancestorTitles":["Cluster Sitemap Handler and URL Generation"],"fullName":"Cluster Sitemap Handler and URL Generation /sitemap-clusters.xml should handle D1 query failure","status":"passed","title":"/sitemap-clusters.xml should handle D1 query failure","duration":2.34728199999995,"failureMessages":[],"meta":{}},{"ancestorTitles":["Cluster Sitemap Handler and URL Generation"],"fullName":"Cluster Sitemap Handler and URL Generation /sitemap-clusters.xml should handle empty results from D1","status":"passed","title":"/sitemap-clusters.xml should handle empty results from D1","duration":2.366215000000011,"failureMessages":[],"meta":{}},{"ancestorTitles":["Cluster Sitemap Handler and URL Generation","handleClustersSitemapRequest New URL Generation"],"fullName":"Cluster Sitemap Handler and URL Generation handleClustersSitemapRequest New URL Generation should generate correct new format URLs for valid D1 entries with successful USGS fetches","status":"passed","title":"should generate correct new format URLs for valid D1 entries with successful USGS fetches","duration":11.79769199999987,"failureMessages":[],"meta":{}},{"ancestorTitles":["Cluster Sitemap Handler and URL Generation","handleClustersSitemapRequest New URL Generation"],"fullName":"Cluster Sitemap Handler and URL Generation handleClustersSitemapRequest New URL Generation should skip entries if D1 clusterId parsing fails and log a warning","status":"passed","title":"should skip entries if D1 clusterId parsing fails and log a warning","duration":7.521835999999894,"failureMessages":[],"meta":{}},{"ancestorTitles":["Cluster Sitemap Handler and URL Generation","handleClustersSitemapRequest New URL Generation"],"fullName":"Cluster Sitemap Handler and URL Generation handleClustersSitemapRequest New URL Generation should skip entries if USGS fetch fails and log a warning/error","status":"passed","title":"should skip entries if USGS fetch fails and log a warning/error","duration":16.413412000000108,"failureMessages":[],"meta":{}},{"ancestorTitles":["Cluster Sitemap Handler and URL Generation","handleClustersSitemapRequest New URL Generation"],"fullName":"Cluster Sitemap Handler and URL Generation handleClustersSitemapRequest New URL Generation should skip entries if USGS response is missing place or mag and log a warning","status":"passed","title":"should skip entries if USGS response is missing place or mag and log a warning","duration":16.01216199999999,"failureMessages":[],"meta":{}},{"ancestorTitles":["Cluster Sitemap Handler and URL Generation","handleClustersSitemapRequest New URL Generation"],"fullName":"Cluster Sitemap Handler and URL Generation handleClustersSitemapRequest New URL Generation should skip entries with invalid updatedAt date format from D1 and log a warning","status":"passed","title":"should skip entries with invalid updatedAt date format from D1 and log a warning","duration":6.567111000000068,"failureMessages":[],"meta":{}},{"ancestorTitles":["Cluster Sitemap Handler and URL Generation","handleClustersSitemapRequest New URL Generation"],"fullName":"Cluster Sitemap Handler and URL Generation handleClustersSitemapRequest New URL Generation should skip entries missing clusterId or updatedAt from D1 and log a warning","status":"passed","title":"should skip entries missing clusterId or updatedAt from D1 and log a warning","duration":12.372469000000137,"failureMessages":[],"meta":{}}],"startTime":1750284948191,"endTime":1750284948360.3726,"status":"passed","message":"","name":"/app/functions/sitemaps.clusters.test.js"},{"assertionResults":[{"ancestorTitles":["Earthquake Sitemap Handler"],"fullName":"Earthquake Sitemap Handler /sitemap-earthquakes.xml should fetch data and return XML","status":"passed","title":"/sitemap-earthquakes.xml should fetch data and return XML","duration":98.7694449999999,"failureMessages":[],"meta":{}},{"ancestorTitles":["Earthquake Sitemap Handler"],"fullName":"Earthquake Sitemap Handler /sitemap-earthquakes.xml should handle fetch error","status":"passed","title":"/sitemap-earthquakes.xml should handle fetch error","duration":11.039037000000008,"failureMessages":[],"meta":{}},{"ancestorTitles":["Earthquake Sitemap Handler"],"fullName":"Earthquake Sitemap Handler /sitemap-earthquakes.xml should handle non-OK response from fetch","status":"passed","title":"/sitemap-earthquakes.xml should handle non-OK response from fetch","duration":4.226278000000093,"failureMessages":[],"meta":{}},{"ancestorTitles":["Earthquake Sitemap Handler"],"fullName":"Earthquake Sitemap Handler /sitemap-earthquakes.xml should handle empty features array","status":"passed","title":"/sitemap-earthquakes.xml should handle empty features array","duration":3.4064400000002024,"failureMessages":[],"meta":{}},{"ancestorTitles":["Earthquake Sitemap Handler"],"fullName":"Earthquake Sitemap Handler /sitemap-earthquakes.xml should skip features missing properties.detail","status":"passed","title":"/sitemap-earthquakes.xml should skip features missing properties.detail","duration":3.1513760000000275,"failureMessages":[],"meta":{}},{"ancestorTitles":["Earthquake Sitemap Handler"],"fullName":"Earthquake Sitemap Handler /sitemap-earthquakes.xml should skip features with missing or invalid properties.updated","status":"passed","title":"/sitemap-earthquakes.xml should skip features with missing or invalid properties.updated","duration":3.135667999999896,"failureMessages":[],"meta":{}},{"ancestorTitles":["Earthquake Sitemap Handler"],"fullName":"Earthquake Sitemap Handler /sitemap-earthquakes.xml should use env.USGS_API_URL if provided","status":"passed","title":"/sitemap-earthquakes.xml should use env.USGS_API_URL if provided","duration":33.72376899999995,"failureMessages":[],"meta":{}}],"startTime":1750284950968,"endTime":1750284951125.7239,"status":"passed","message":"","name":"/app/functions/sitemaps.earthquakes.test.js"},{"assertionResults":[{"ancestorTitles":["Sitemap Index and Static Pages Handlers"],"fullName":"Sitemap Index and Static Pages Handlers /sitemap-index.xml should return XML sitemap index","status":"passed","title":"/sitemap-index.xml should return XML sitemap index","duration":6.014848000000029,"failureMessages":[],"meta":{}},{"ancestorTitles":["Sitemap Index and Static Pages Handlers"],"fullName":"Sitemap Index and Static Pages Handlers /sitemap-static-pages.xml should return XML for static pages","status":"passed","title":"/sitemap-static-pages.xml should return XML for static pages","duration":1.64076799999998,"failureMessages":[],"meta":{}}],"startTime":1750284972183,"endTime":1750284972190.6409,"status":"passed","message":"","name":"/app/functions/sitemaps.index_static.test.js"},{"assertionResults":[{"ancestorTitles":["/api/usgs-proxy"],"fullName":"/api/usgs-proxy should return 400 if apiUrl is missing","status":"passed","title":"should return 400 if apiUrl is missing","duration":6.71579399999996,"failureMessages":[],"meta":{}},{"ancestorTitles":["/api/usgs-proxy"],"fullName":"/api/usgs-proxy should proxy to apiUrl, cache miss, and cache the response","status":"passed","title":"should proxy to apiUrl, cache miss, and cache the response","duration":58.15686800000003,"failureMessages":[],"meta":{}},{"ancestorTitles":["/api/usgs-proxy"],"fullName":"/api/usgs-proxy should proxy to apiUrl, call D1 upsert for multiple features, cache response","status":"passed","title":"should proxy to apiUrl, call D1 upsert for multiple features, cache response","duration":28.551625000000058,"failureMessages":[],"meta":{}},{"ancestorTitles":["/api/usgs-proxy"],"fullName":"/api/usgs-proxy should return cached response on cache hit","status":"passed","title":"should return cached response on cache hit","duration":1.8889500000000226,"failureMessages":[],"meta":{}},{"ancestorTitles":["/api/usgs-proxy"],"fullName":"/api/usgs-proxy should handle fetch error during proxying","status":"passed","title":"should handle fetch error during proxying","duration":15.639411999999993,"failureMessages":[],"meta":{}},{"ancestorTitles":["/api/usgs-proxy"],"fullName":"/api/usgs-proxy should handle non-JSON response from upstream API","status":"passed","title":"should handle non-JSON response from upstream API","duration":14.781846000000087,"failureMessages":[],"meta":{}},{"ancestorTitles":["/api/usgs-proxy"],"fullName":"/api/usgs-proxy should use default cache duration if WORKER_CACHE_DURATION_SECONDS is invalid","status":"passed","title":"should use default cache duration if WORKER_CACHE_DURATION_SECONDS is invalid","duration":54.198491000000104,"failureMessages":[],"meta":{}},{"ancestorTitles":["/api/usgs-proxy"],"fullName":"/api/usgs-proxy should handle cache.put failure gracefully","status":"passed","title":"should handle cache.put failure gracefully","duration":20.514241000000084,"failureMessages":[],"meta":{}}],"startTime":1750284946625,"endTime":1750284946826.5142,"status":"passed","message":"","name":"/app/functions/usgs-proxy.integration.test.js"},{"assertionResults":[{"ancestorTitles":["onRequestPost in calculate-clusters.js","Input Validation"],"fullName":"onRequestPost in calculate-clusters.js Input Validation should return 400 if earthquakes is not an array","status":"passed","title":"should return 400 if earthquakes is not an array","duration":13.324149999999918,"failureMessages":[],"meta":{}},{"ancestorTitles":["onRequestPost in calculate-clusters.js","Input Validation"],"fullName":"onRequestPost in calculate-clusters.js Input Validation should return 400 if earthquakes array is initially empty","status":"passed","title":"should return 400 if earthquakes array is initially empty","duration":1.3275779999999031,"failureMessages":[],"meta":{}},{"ancestorTitles":["onRequestPost in calculate-clusters.js","Input Validation"],"fullName":"onRequestPost in calculate-clusters.js Input Validation should return 400 if maxDistanceKm is invalid","status":"passed","title":"should return 400 if maxDistanceKm is invalid","duration":0.8302029999999831,"failureMessages":[],"meta":{}},{"ancestorTitles":["onRequestPost in calculate-clusters.js","Input Validation"],"fullName":"onRequestPost in calculate-clusters.js Input Validation should return 400 if minQuakes is invalid","status":"passed","title":"should return 400 if minQuakes is invalid","duration":4.932937999999922,"failureMessages":[],"meta":{}},{"ancestorTitles":["onRequestPost in calculate-clusters.js","Input Validation"],"fullName":"onRequestPost in calculate-clusters.js Input Validation should return 400 for earthquake with missing geometry","status":"passed","title":"should return 400 for earthquake with missing geometry","duration":1.2611189999997805,"failureMessages":[],"meta":{}},{"ancestorTitles":["onRequestPost in calculate-clusters.js","Input Validation"],"fullName":"onRequestPost in calculate-clusters.js Input Validation should return 400 for earthquake with null geometry","status":"passed","title":"should return 400 for earthquake with null geometry","duration":0.7531089999999949,"failureMessages":[],"meta":{}},{"ancestorTitles":["onRequestPost in calculate-clusters.js","Input Validation"],"fullName":"onRequestPost in calculate-clusters.js Input Validation should return 400 for earthquake with geometry not an object","status":"passed","title":"should return 400 for earthquake with geometry not an object","duration":0.6358880000000227,"failureMessages":[],"meta":{}},{"ancestorTitles":["onRequestPost in calculate-clusters.js","Input Validation"],"fullName":"onRequestPost in calculate-clusters.js Input Validation should return 400 for earthquake with missing coordinates","status":"passed","title":"should return 400 for earthquake with missing coordinates","duration":0.6606729999998606,"failureMessages":[],"meta":{}},{"ancestorTitles":["onRequestPost in calculate-clusters.js","Input Validation"],"fullName":"onRequestPost in calculate-clusters.js Input Validation should return 400 for earthquake with coordinates not an array","status":"passed","title":"should return 400 for earthquake with coordinates not an array","duration":5.750831999999946,"failureMessages":[],"meta":{}},{"ancestorTitles":["onRequestPost in calculate-clusters.js","Input Validation"],"fullName":"onRequestPost in calculate-clusters.js Input Validation should return 400 for earthquake with coordinates array too short","status":"passed","title":"should return 400 for earthquake with coordinates array too short","duration":0.8710249999999178,"failureMessages":[],"meta":{}},{"ancestorTitles":["onRequestPost in calculate-clusters.js","Input Validation"],"fullName":"onRequestPost in calculate-clusters.js Input Validation should return 400 for earthquake with coordinates with non-number","status":"passed","title":"should return 400 for earthquake with coordinates with non-number","duration":0.7356429999999818,"failureMessages":[],"meta":{}},{"ancestorTitles":["onRequestPost in calculate-clusters.js","Input Validation"],"fullName":"onRequestPost in calculate-clusters.js Input Validation should return 400 for earthquake with missing properties","status":"passed","title":"should return 400 for earthquake with missing properties","duration":0.5546219999998812,"failureMessages":[],"meta":{}},{"ancestorTitles":["onRequestPost in calculate-clusters.js","Input Validation"],"fullName":"onRequestPost in calculate-clusters.js Input Validation should return 400 for earthquake with null properties","status":"passed","title":"should return 400 for earthquake with null properties","duration":0.6797439999998005,"failureMessages":[],"meta":{}},{"ancestorTitles":["onRequestPost in calculate-clusters.js","Input Validation"],"fullName":"onRequestPost in calculate-clusters.js Input Validation should return 400 for earthquake with properties not an object","status":"passed","title":"should return 400 for earthquake with properties not an object","duration":0.49127800000019306,"failureMessages":[],"meta":{}},{"ancestorTitles":["onRequestPost in calculate-clusters.js","Input Validation"],"fullName":"onRequestPost in calculate-clusters.js Input Validation should return 400 for earthquake with missing time","status":"passed","title":"should return 400 for earthquake with missing time","duration":0.5727979999999206,"failureMessages":[],"meta":{}},{"ancestorTitles":["onRequestPost in calculate-clusters.js","Input Validation"],"fullName":"onRequestPost in calculate-clusters.js Input Validation should return 400 for earthquake with time not a number","status":"passed","title":"should return 400 for earthquake with time not a number","duration":0.6563289999999142,"failureMessages":[],"meta":{}},{"ancestorTitles":["onRequestPost in calculate-clusters.js","Input Validation"],"fullName":"onRequestPost in calculate-clusters.js Input Validation should return 400 for earthquake with missing id","status":"passed","title":"should return 400 for earthquake with missing id","duration":0.5444190000000617,"failureMessages":[],"meta":{}},{"ancestorTitles":["onRequestPost in calculate-clusters.js","Input Validation"],"fullName":"onRequestPost in calculate-clusters.js Input Validation should return 400 for earthquake with null id","status":"passed","title":"should return 400 for earthquake with null id","duration":0.5692739999999503,"failureMessages":[],"meta":{}},{"ancestorTitles":["onRequestPost in calculate-clusters.js","Input Validation"],"fullName":"onRequestPost in calculate-clusters.js Input Validation should return 400 for earthquake with non-object in earthquakes array","status":"passed","title":"should return 400 for earthquake with non-object in earthquakes array","duration":0.6400429999998778,"failureMessages":[],"meta":{}},{"ancestorTitles":["onRequestPost in calculate-clusters.js","DB Availability and Operations"],"fullName":"onRequestPost in calculate-clusters.js DB Availability and Operations should calculate clusters and return data if DB is not configured, with X-Cache-Info header","status":"passed","title":"should calculate clusters and return data if DB is not configured, with X-Cache-Info header","duration":2.677443999999923,"failureMessages":[],"meta":{}},{"ancestorTitles":["onRequestPost in calculate-clusters.js","DB Availability and Operations"],"fullName":"onRequestPost in calculate-clusters.js DB Availability and Operations should return cached data if valid entry exists in D1","status":"passed","title":"should return cached data if valid entry exists in D1","duration":3.324822999999924,"failureMessages":[],"meta":{}},{"ancestorTitles":["onRequestPost in calculate-clusters.js","DB Availability and Operations"],"fullName":"onRequestPost in calculate-clusters.js DB Availability and Operations should calculate, store, and return data if cache miss (D1 returns null)","status":"passed","title":"should calculate, store, and return data if cache miss (D1 returns null)","duration":1.8795440000001236,"failureMessages":[],"meta":{}},{"ancestorTitles":["onRequestPost in calculate-clusters.js","DB Availability and Operations"],"fullName":"onRequestPost in calculate-clusters.js DB Availability and Operations should calculate, store, and return data if cached data is invalid JSON","status":"passed","title":"should calculate, store, and return data if cached data is invalid JSON","duration":1.4273849999999584,"failureMessages":[],"meta":{}},{"ancestorTitles":["onRequestPost in calculate-clusters.js","DB Availability and Operations"],"fullName":"onRequestPost in calculate-clusters.js DB Availability and Operations should calculate and return data if D1 GET (first()) throws an error, and still attempt PUT","status":"passed","title":"should calculate and return data if D1 GET (first()) throws an error, and still attempt PUT","duration":2.3112610000000586,"failureMessages":[],"meta":{}},{"ancestorTitles":["onRequestPost in calculate-clusters.js","DB Availability and Operations"],"fullName":"onRequestPost in calculate-clusters.js DB Availability and Operations should calculate and return data if D1 PUT (run()) throws an error","status":"passed","title":"should calculate and return data if D1 PUT (run()) throws an error","duration":1.0264779999999973,"failureMessages":[],"meta":{}},{"ancestorTitles":["onRequestPost in calculate-clusters.js","General Error Handling"],"fullName":"onRequestPost in calculate-clusters.js General Error Handling should handle syntax error in request JSON","status":"passed","title":"should handle syntax error in request JSON","duration":0.8708200000000943,"failureMessages":[],"meta":{}},{"ancestorTitles":["onRequestPost in calculate-clusters.js","General Error Handling"],"fullName":"onRequestPost in calculate-clusters.js General Error Handling should handle generic error during processing (e.g. in findActiveClusters due to unexpected data shape not caught by validation)","status":"passed","title":"should handle generic error during processing (e.g. in findActiveClusters due to unexpected data shape not caught by validation)","duration":3.679866999999831,"failureMessages":[],"meta":{}}],"startTime":1750284964836,"endTime":1750284964890.68,"status":"passed","message":"","name":"/app/functions/api/calculate-clusters.endpoint.test.js"},{"assertionResults":[{"ancestorTitles":["findActiveClusters (internal)"],"fullName":"findActiveClusters (internal) should return an empty array if no earthquakes are provided","status":"passed","title":"should return an empty array if no earthquakes are provided","duration":2.7256700000000365,"failureMessages":[],"meta":{}},{"ancestorTitles":["findActiveClusters (internal)"],"fullName":"findActiveClusters (internal) should return an empty array if no clusters meet minQuakes criteria","status":"passed","title":"should return an empty array if no clusters meet minQuakes criteria","duration":0.7982640000000174,"failureMessages":[],"meta":{}},{"ancestorTitles":["findActiveClusters (internal)"],"fullName":"findActiveClusters (internal) should form a single cluster if quakes are close enough and meet minQuakes","status":"passed","title":"should form a single cluster if quakes are close enough and meet minQuakes","duration":1.4854699999998502,"failureMessages":[],"meta":{}},{"ancestorTitles":["findActiveClusters (internal)"],"fullName":"findActiveClusters (internal) should form multiple distinct clusters","status":"passed","title":"should form multiple distinct clusters","duration":1.0745070000000396,"failureMessages":[],"meta":{}},{"ancestorTitles":["findActiveClusters (internal)"],"fullName":"findActiveClusters (internal) should handle earthquakes being used in only one cluster (desc mag sort behavior)","status":"passed","title":"should handle earthquakes being used in only one cluster (desc mag sort behavior)","duration":0.5795829999999569,"failureMessages":[],"meta":{}},{"ancestorTitles":["findActiveClusters (internal)"],"fullName":"findActiveClusters (internal) should not add quakes to a cluster if distance is greater than maxDistanceKm","status":"passed","title":"should not add quakes to a cluster if distance is greater than maxDistanceKm","duration":0.568177999999989,"failureMessages":[],"meta":{}},{"ancestorTitles":["findActiveClusters (internal)"],"fullName":"findActiveClusters (internal) should handle null or undefined quake objects gracefully (skips them, no warning in this version)","status":"passed","title":"should handle null or undefined quake objects gracefully (skips them, no warning in this version)","duration":1.4261770000000524,"failureMessages":[],"meta":{}},{"ancestorTitles":["findActiveClusters (internal)"],"fullName":"findActiveClusters (internal) should handle quakes missing the id property (logs warning and skips)","status":"passed","title":"should handle quakes missing the id property (logs warning and skips)","duration":2.1148759999998674,"failureMessages":[],"meta":{}},{"ancestorTitles":["findActiveClusters (internal)"],"fullName":"findActiveClusters (internal) should handle quakes missing the geometry property (logs invalid coords)","status":"passed","title":"should handle quakes missing the geometry property (logs invalid coords)","duration":0.9160899999999401,"failureMessages":[],"meta":{}},{"ancestorTitles":["findActiveClusters (internal)"],"fullName":"findActiveClusters (internal) should handle quakes with invalid geometry.coordinates (not an array)","status":"passed","title":"should handle quakes with invalid geometry.coordinates (not an array)","duration":0.9512429999999767,"failureMessages":[],"meta":{}},{"ancestorTitles":["findActiveClusters (internal)"],"fullName":"findActiveClusters (internal) should handle quakes with invalid geometry.coordinates (less than 2 elements)","status":"passed","title":"should handle quakes with invalid geometry.coordinates (less than 2 elements)","duration":0.6817530000000716,"failureMessages":[],"meta":{}},{"ancestorTitles":["findActiveClusters (internal)"],"fullName":"findActiveClusters (internal) should correctly process valid quakes mixed with various invalid ones","status":"passed","title":"should correctly process valid quakes mixed with various invalid ones","duration":2.903472999999849,"failureMessages":[],"meta":{}}],"startTime":1750284968643,"endTime":1750284968659.9036,"status":"passed","message":"","name":"/app/functions/api/calculate-clusters.logic.test.js"},{"assertionResults":[{"ancestorTitles":["Cluster Definition API (/api/cluster-definition)","POST requests"],"fullName":"Cluster Definition API (/api/cluster-definition) POST requests should store valid cluster definition in D1 and return 201","status":"passed","title":"should store valid cluster definition in D1 and return 201","duration":8.02789400000006,"failureMessages":[],"meta":{}},{"ancestorTitles":["Cluster Definition API (/api/cluster-definition)","POST requests"],"fullName":"Cluster Definition API (/api/cluster-definition) POST requests should return 400 for invalid JSON payload","status":"passed","title":"should return 400 for invalid JSON payload","duration":1.1079689999999118,"failureMessages":[],"meta":{}},{"ancestorTitles":["Cluster Definition API (/api/cluster-definition)","POST requests"],"fullName":"Cluster Definition API (/api/cluster-definition) POST requests should return 400 if clusterId is missing","status":"passed","title":"should return 400 if clusterId is missing","duration":1.2951210000001083,"failureMessages":[],"meta":{}},{"ancestorTitles":["Cluster Definition API (/api/cluster-definition)","POST requests"],"fullName":"Cluster Definition API (/api/cluster-definition) POST requests should return 400 if earthquakeIds is not an array","status":"passed","title":"should return 400 if earthquakeIds is not an array","duration":0.9361930000000029,"failureMessages":[],"meta":{}},{"ancestorTitles":["Cluster Definition API (/api/cluster-definition)","POST requests"],"fullName":"Cluster Definition API (/api/cluster-definition) POST requests should return 400 if clusterId is not a string","status":"passed","title":"should return 400 if clusterId is not a string","duration":1.2557610000001205,"failureMessages":[],"meta":{}},{"ancestorTitles":["Cluster Definition API (/api/cluster-definition)","POST requests"],"fullName":"Cluster Definition API (/api/cluster-definition) POST requests should return 500 if KV put fails","status":"passed","title":"should return 500 if KV put fails","duration":5.107891000000109,"failureMessages":[],"meta":{}},{"ancestorTitles":["Cluster Definition API (/api/cluster-definition)","GET requests"],"fullName":"Cluster Definition API (/api/cluster-definition) GET requests should retrieve and return cluster definition from D1 if found","status":"passed","title":"should retrieve and return cluster definition from D1 if found","duration":1.61128500000018,"failureMessages":[],"meta":{}},{"ancestorTitles":["Cluster Definition API (/api/cluster-definition)","GET requests"],"fullName":"Cluster Definition API (/api/cluster-definition) GET requests should return 400 if clusterId query parameter is missing","status":"passed","title":"should return 400 if clusterId query parameter is missing","duration":0.6090100000001257,"failureMessages":[],"meta":{}},{"ancestorTitles":["Cluster Definition API (/api/cluster-definition)","GET requests"],"fullName":"Cluster Definition API (/api/cluster-definition) GET requests should return 404 if cluster definition is not found","status":"passed","title":"should return 404 if cluster definition is not found","duration":1.1597729999998592,"failureMessages":[],"meta":{}},{"ancestorTitles":["Cluster Definition API (/api/cluster-definition)","GET requests"],"fullName":"Cluster Definition API (/api/cluster-definition) GET requests should return 500 if D1 select fails","status":"passed","title":"should return 500 if D1 select fails","duration":1.4290179999998145,"failureMessages":[],"meta":{}},{"ancestorTitles":["Cluster Definition API (/api/cluster-definition)","Other HTTP methods"],"fullName":"Cluster Definition API (/api/cluster-definition) Other HTTP methods should return 405 for PUT request","status":"passed","title":"should return 405 for PUT request","duration":0.6075960000000578,"failureMessages":[],"meta":{}},{"ancestorTitles":["Cluster Definition API (/api/cluster-definition)","Other HTTP methods"],"fullName":"Cluster Definition API (/api/cluster-definition) Other HTTP methods should return 405 for DELETE request","status":"passed","title":"should return 405 for DELETE request","duration":0.5453230000000531,"failureMessages":[],"meta":{}}],"startTime":1750284963675,"endTime":1750284963699.5454,"status":"passed","message":"","name":"/app/functions/api/cluster-definition.test.js"},{"assertionResults":[{"ancestorTitles":["API Endpoint: /api/get-earthquakes","Successful Data Retrieval"],"fullName":"API Endpoint: /api/get-earthquakes Successful Data Retrieval should return 200 with daily data for timeWindow=day","status":"passed","title":"should return 200 with daily data for timeWindow=day","duration":11.13988900000004,"failureMessages":[],"meta":{}},{"ancestorTitles":["API Endpoint: /api/get-earthquakes","Successful Data Retrieval"],"fullName":"API Endpoint: /api/get-earthquakes Successful Data Retrieval should return 200 with weekly data for timeWindow=week","status":"passed","title":"should return 200 with weekly data for timeWindow=week","duration":2.3099789999998848,"failureMessages":[],"meta":{}},{"ancestorTitles":["API Endpoint: /api/get-earthquakes","Successful Data Retrieval"],"fullName":"API Endpoint: /api/get-earthquakes Successful Data Retrieval should return 200 with monthly data for timeWindow=month","status":"passed","title":"should return 200 with monthly data for timeWindow=month","duration":1.7073570000000018,"failureMessages":[],"meta":{}},{"ancestorTitles":["API Endpoint: /api/get-earthquakes","Successful Data Retrieval"],"fullName":"API Endpoint: /api/get-earthquakes Successful Data Retrieval should default to timeWindow=day if not specified","status":"passed","title":"should default to timeWindow=day if not specified","duration":1.0747610000000805,"failureMessages":[],"meta":{}},{"ancestorTitles":["API Endpoint: /api/get-earthquakes","Invalid timeWindow Parameter"],"fullName":"API Endpoint: /api/get-earthquakes Invalid timeWindow Parameter should return 400 for an invalid timeWindow value","status":"passed","title":"should return 400 for an invalid timeWindow value","duration":1.3051319999999578,"failureMessages":[],"meta":{}},{"ancestorTitles":["API Endpoint: /api/get-earthquakes","Unavailable D1 Database"],"fullName":"API Endpoint: /api/get-earthquakes Unavailable D1 Database should return 500 if env.DB is not available","status":"passed","title":"should return 500 if env.DB is not available","duration":1.0021950000000288,"failureMessages":[],"meta":{}},{"ancestorTitles":["API Endpoint: /api/get-earthquakes","D1 Query Execution Failure"],"fullName":"API Endpoint: /api/get-earthquakes D1 Query Execution Failure should return 500 if db.prepare() fails","status":"passed","title":"should return 500 if db.prepare() fails","duration":1.2744939999997769,"failureMessages":[],"meta":{}},{"ancestorTitles":["API Endpoint: /api/get-earthquakes","D1 Query Execution Failure"],"fullName":"API Endpoint: /api/get-earthquakes D1 Query Execution Failure should return 500 if stmt.all() throws an error","status":"passed","title":"should return 500 if stmt.all() throws an error","duration":1.2144140000000334,"failureMessages":[],"meta":{}},{"ancestorTitles":["API Endpoint: /api/get-earthquakes","D1 Query Execution Failure"],"fullName":"API Endpoint: /api/get-earthquakes D1 Query Execution Failure should return 500 if stmt.all() returns a structure without results","status":"passed","title":"should return 500 if stmt.all() returns a structure without results","duration":2.012045000000171,"failureMessages":[],"meta":{}},{"ancestorTitles":["API Endpoint: /api/get-earthquakes","Empty Data from D1"],"fullName":"API Endpoint: /api/get-earthquakes Empty Data from D1 should return 200 with an empty array if D1 returns no results","status":"passed","title":"should return 200 with an empty array if D1 returns no results","duration":1.6310130000001664,"failureMessages":[],"meta":{}},{"ancestorTitles":["API Endpoint: /api/get-earthquakes","Malformed geojson_feature in D1"],"fullName":"API Endpoint: /api/get-earthquakes Malformed geojson_feature in D1 should return 200 and filter out malformed features, logging an error","status":"passed","title":"should return 200 and filter out malformed features, logging an error","duration":1.5210510000001705,"failureMessages":[],"meta":{}}],"startTime":1750284966198,"endTime":1750284966225.521,"status":"passed","message":"","name":"/app/functions/api/get-earthquakes.test.js"},{"assertionResults":[{"ancestorTitles":["handleUsgsProxy"],"fullName":"handleUsgsProxy should return 400 if apiUrl is missing","status":"passed","title":"should return 400 if apiUrl is missing","duration":6.101419000000078,"failureMessages":[],"meta":{}},{"ancestorTitles":["handleUsgsProxy"],"fullName":"handleUsgsProxy should proxy successfully with cache miss, cache the response, and call D1 if configured","status":"passed","title":"should proxy successfully with cache miss, cache the response, and call D1 if configured","duration":60.21119399999998,"failureMessages":[],"meta":{}},{"ancestorTitles":["handleUsgsProxy"],"fullName":"handleUsgsProxy should return cached response on cache hit","status":"passed","title":"should return cached response on cache hit","duration":1.644749000000047,"failureMessages":[],"meta":{}},{"ancestorTitles":["handleUsgsProxy"],"fullName":"handleUsgsProxy should use default cache duration if env var is not set","status":"passed","title":"should use default cache duration if env var is not set","duration":12.94689399999993,"failureMessages":[],"meta":{}},{"ancestorTitles":["handleUsgsProxy"],"fullName":"handleUsgsProxy should use cache duration from valid env var","status":"passed","title":"should use cache duration from valid env var","duration":22.619776,"failureMessages":[],"meta":{}},{"ancestorTitles":["handleUsgsProxy"],"fullName":"handleUsgsProxy should use default cache duration and log warning if env var is \"invalid-value\"","status":"passed","title":"should use default cache duration and log warning if env var is \"invalid-value\"","duration":8.827789000000166,"failureMessages":[],"meta":{}},{"ancestorTitles":["handleUsgsProxy"],"fullName":"handleUsgsProxy should use default cache duration and log warning if env var is \"0\"","status":"passed","title":"should use default cache duration and log warning if env var is \"0\"","duration":7.414387999999917,"failureMessages":[],"meta":{}},{"ancestorTitles":["handleUsgsProxy"],"fullName":"handleUsgsProxy should handle upstream API error (500)","status":"passed","title":"should handle upstream API error (500)","duration":17.491171000000122,"failureMessages":[],"meta":{}},{"ancestorTitles":["handleUsgsProxy"],"fullName":"handleUsgsProxy should handle network error when fetching from upstream","status":"passed","title":"should handle network error when fetching from upstream","duration":9.510303999999905,"failureMessages":[],"meta":{}},{"ancestorTitles":["handleUsgsProxy","D1 Interaction Tests"],"fullName":"handleUsgsProxy D1 Interaction Tests should call D1 upsert when DB is configured and features are present","status":"passed","title":"should call D1 upsert when DB is configured and features are present","duration":9.922771000000012,"failureMessages":[],"meta":{}},{"ancestorTitles":["handleUsgsProxy","D1 Interaction Tests"],"fullName":"handleUsgsProxy D1 Interaction Tests should NOT call D1 upsert when DB is not configured","status":"passed","title":"should NOT call D1 upsert when DB is not configured","duration":10.723216999999977,"failureMessages":[],"meta":{}},{"ancestorTitles":["handleUsgsProxy","D1 Interaction Tests"],"fullName":"handleUsgsProxy D1 Interaction Tests should NOT call D1 upsert when features are missing or empty","status":"passed","title":"should NOT call D1 upsert when features are missing or empty","duration":13.746184000000085,"failureMessages":[],"meta":{}},{"ancestorTitles":["handleUsgsProxy","D1 Interaction Tests"],"fullName":"handleUsgsProxy D1 Interaction Tests should handle D1 error gracefully and log it","status":"passed","title":"should handle D1 error gracefully and log it","duration":10.096800999999914,"failureMessages":[],"meta":{}},{"ancestorTitles":["handleUsgsProxy"],"fullName":"handleUsgsProxy should handle cache.put failure gracefully and log it","status":"passed","title":"should handle cache.put failure gracefully and log it","duration":11.230403000000024,"failureMessages":[],"meta":{}},{"ancestorTitles":["handleUsgsProxy"],"fullName":"handleUsgsProxy should return 500 and log if upstream responds 200 OK with non-JSON content","status":"passed","title":"should return 500 and log if upstream responds 200 OK with non-JSON content","duration":11.179818000000068,"failureMessages":[],"meta":{}}],"startTime":1750284945287,"endTime":1750284945501.18,"status":"passed","message":"","name":"/app/functions/api/usgs-proxy.test.js"},{"assertionResults":[{"ancestorTitles":["isCrawler"],"fullName":"isCrawler should return true for crawler: Googlebot/2.1 (+http://www.google.com/bot.html)","status":"passed","title":"should return true for crawler: Googlebot/2.1 (+http://www.google.com/bot.html)","duration":1.9966320000000906,"failureMessages":[],"meta":{}},{"ancestorTitles":["isCrawler"],"fullName":"isCrawler should return true for crawler: Mozilla/5.0 (compatible; Googlebot/2.1; +http://www.google.com/bot.html)","status":"passed","title":"should return true for crawler: Mozilla/5.0 (compatible; Googlebot/2.1; +http://www.google.com/bot.html)","duration":0.4953339999999571,"failureMessages":[],"meta":{}},{"ancestorTitles":["isCrawler"],"fullName":"isCrawler should return true for crawler: Mozilla/5.0 (compatible; bingbot/2.0; +http://www.bing.com/bingbot.htm)","status":"passed","title":"should return true for crawler: Mozilla/5.0 (compatible; bingbot/2.0; +http://www.bing.com/bingbot.htm)","duration":0.24264599999992242,"failureMessages":[],"meta":{}},{"ancestorTitles":["isCrawler"],"fullName":"isCrawler should return true for crawler: DuckDuckBot/1.0; (+http://duckduckgo.com/duckduckbot.html)","status":"passed","title":"should return true for crawler: DuckDuckBot/1.0; (+http://duckduckgo.com/duckduckbot.html)","duration":0.29996299999993425,"failureMessages":[],"meta":{}},{"ancestorTitles":["isCrawler"],"fullName":"isCrawler should return true for crawler: Baiduspider+(+http://www.baidu.com/search/spider.htm)","status":"passed","title":"should return true for crawler: Baiduspider+(+http://www.baidu.com/search/spider.htm)","duration":0.17953600000009828,"failureMessages":[],"meta":{}},{"ancestorTitles":["isCrawler"],"fullName":"isCrawler should return true for crawler: Mozilla/5.0 (compatible; YandexBot/3.0; +http://yandex.com/bots)","status":"passed","title":"should return true for crawler: Mozilla/5.0 (compatible; YandexBot/3.0; +http://yandex.com/bots)","duration":0.33522499999980937,"failureMessages":[],"meta":{}},{"ancestorTitles":["isCrawler"],"fullName":"isCrawler should return true for crawler: Sogou web spider/4.0(+http://www.sogou.com/docs/help/webmasters.htm#07)","status":"passed","title":"should return true for crawler: Sogou web spider/4.0(+http://www.sogou.com/docs/help/webmasters.htm#07)","duration":0.18155699999988428,"failureMessages":[],"meta":{}},{"ancestorTitles":["isCrawler"],"fullName":"isCrawler should return true for crawler: facebookexternalhit/1.1 (+http://www.facebook.com/externalhit_uatext.php)","status":"passed","title":"should return true for crawler: facebookexternalhit/1.1 (+http://www.facebook.com/externalhit_uatext.php)","duration":0.12267199999996592,"failureMessages":[],"meta":{}},{"ancestorTitles":["isCrawler"],"fullName":"isCrawler should return true for crawler: Mozilla/5.0 (compatible; Exabot/3.0; +http://www.exabot.com/go/robot)","status":"passed","title":"should return true for crawler: Mozilla/5.0 (compatible; Exabot/3.0; +http://www.exabot.com/go/robot)","duration":0.5024799999998777,"failureMessages":[],"meta":{}},{"ancestorTitles":["isCrawler"],"fullName":"isCrawler should return true for crawler: msnbot/1.0 (Slurp/cat; http://search.msn.com/msnbot.htm)","status":"passed","title":"should return true for crawler: msnbot/1.0 (Slurp/cat; http://search.msn.com/msnbot.htm)","duration":0.24863500000014938,"failureMessages":[],"meta":{}},{"ancestorTitles":["isCrawler"],"fullName":"isCrawler should return true for crawler: Facebot/1.0","status":"passed","title":"should return true for crawler: Facebot/1.0","duration":0.12077599999997801,"failureMessages":[],"meta":{}},{"ancestorTitles":["isCrawler"],"fullName":"isCrawler should return false for non-crawler: Mozilla/5.0 (Windows NT 10.0; Win64; x64) AppleWebKit/537.36 (KHTML, like Gecko) Chrome/91.0.4472.124 Safari/537.36","status":"passed","title":"should return false for non-crawler: Mozilla/5.0 (Windows NT 10.0; Win64; x64) AppleWebKit/537.36 (KHTML, like Gecko) Chrome/91.0.4472.124 Safari/537.36","duration":0.1454909999999927,"failureMessages":[],"meta":{}},{"ancestorTitles":["isCrawler"],"fullName":"isCrawler should return false for non-crawler: Mozilla/5.0 (Macintosh; Intel Mac OS X 10_15_7) AppleWebKit/605.1.15 (KHTML, like Gecko) Version/14.1.1 Safari/605.1.15","status":"passed","title":"should return false for non-crawler: Mozilla/5.0 (Macintosh; Intel Mac OS X 10_15_7) AppleWebKit/605.1.15 (KHTML, like Gecko) Version/14.1.1 Safari/605.1.15","duration":0.16774400000008427,"failureMessages":[],"meta":{}},{"ancestorTitles":["isCrawler"],"fullName":"isCrawler should return false for non-crawler: MyCustomUserAgent Robot/1.0","status":"passed","title":"should return false for non-crawler: MyCustomUserAgent Robot/1.0","duration":0.1031470000000354,"failureMessages":[],"meta":{}},{"ancestorTitles":["isCrawler"],"fullName":"isCrawler should return false for non-crawler: UserAgent with word \"crawler\" in description, not as bot name.","status":"passed","title":"should return false for non-crawler: UserAgent with word \"crawler\" in description, not as bot name.","duration":0.1484659999998712,"failureMessages":[],"meta":{}},{"ancestorTitles":["isCrawler"],"fullName":"isCrawler should return false for non-crawler: UserAgent with word \"spider\" in description.","status":"passed","title":"should return false for non-crawler: UserAgent with word \"spider\" in description.","duration":0.09618700000009994,"failureMessages":[],"meta":{}},{"ancestorTitles":["isCrawler"],"fullName":"isCrawler should return false for non-crawler: UserAgent with word \"bot\" in description part.","status":"passed","title":"should return false for non-crawler: UserAgent with word \"bot\" in description part.","duration":0.10148500000013883,"failureMessages":[],"meta":{}},{"ancestorTitles":["isCrawler"],"fullName":"isCrawler should return false for non-crawler: LinkedInBot/1.0 (compatible; Mozilla/5.0; Apache-HttpClient/4.1.1; +http://www.linkedin.com)","status":"passed","title":"should return false for non-crawler: LinkedInBot/1.0 (compatible; Mozilla/5.0; Apache-HttpClient/4.1.1; +http://www.linkedin.com)","duration":0.08534199999985503,"failureMessages":[],"meta":{}},{"ancestorTitles":["isCrawler"],"fullName":"isCrawler should return false for non-crawler: Twitterbot/1.0","status":"passed","title":"should return false for non-crawler: Twitterbot/1.0","duration":0.08738500000004024,"failureMessages":[],"meta":{}},{"ancestorTitles":["isCrawler"],"fullName":"isCrawler should return false for non-crawler: Slackbot-LinkExpanding 1.0 (+https://api.slack.com/robots)","status":"passed","title":"should return false for non-crawler: Slackbot-LinkExpanding 1.0 (+https://api.slack.com/robots)","duration":0.08460900000000038,"failureMessages":[],"meta":{}},{"ancestorTitles":["isCrawler"],"fullName":"isCrawler should return false for non-crawler: témoignage crawler en recherche de témoignages (https://temoignages.beta.gouv.fr)","status":"passed","title":"should return false for non-crawler: témoignage crawler en recherche de témoignages (https://temoignages.beta.gouv.fr)","duration":0.09174299999995128,"failureMessages":[],"meta":{}},{"ancestorTitles":["isCrawler"],"fullName":"isCrawler should return false for non-crawler: NetSystemsResearch MetaSpi // msrbot (http://netsystemsresearch.com/msrbot)","status":"passed","title":"should return false for non-crawler: NetSystemsResearch MetaSpi // msrbot (http://netsystemsresearch.com/msrbot)","duration":0.0851270000000568,"failureMessages":[],"meta":{}},{"ancestorTitles":["isCrawler"],"fullName":"isCrawler should return false for non-crawler: AnyGenericSpider/1.0","status":"passed","title":"should return false for non-crawler: AnyGenericSpider/1.0","duration":0.08379300000001422,"failureMessages":[],"meta":{}},{"ancestorTitles":["isCrawler"],"fullName":"isCrawler should return true for case-insensitive matches (e.g., googlebot)","status":"passed","title":"should return true for case-insensitive matches (e.g., googlebot)","duration":0.23226199999999153,"failureMessages":[],"meta":{}},{"ancestorTitles":["isCrawler"],"fullName":"isCrawler should return false if User-Agent header is missing","status":"passed","title":"should return false if User-Agent header is missing","duration":0.18200799999999617,"failureMessages":[],"meta":{}},{"ancestorTitles":["isCrawler"],"fullName":"isCrawler should return false for an empty User-Agent string","status":"passed","title":"should return false for an empty User-Agent string","duration":0.12165200000004006,"failureMessages":[],"meta":{}}],"startTime":1750284972308,"endTime":1750284972315.2322,"status":"passed","message":"","name":"/app/functions/utils/crawler-utils.test.js"},{"assertionResults":[{"ancestorTitles":["escapeXml"],"fullName":"escapeXml should return an empty string for non-string inputs","status":"passed","title":"should return an empty string for non-string inputs","duration":3.904108999999835,"failureMessages":[],"meta":{}},{"ancestorTitles":["escapeXml"],"fullName":"escapeXml should return an empty string for an empty string input","status":"passed","title":"should return an empty string for an empty string input","duration":0.4632050000000163,"failureMessages":[],"meta":{}},{"ancestorTitles":["escapeXml"],"fullName":"escapeXml should not change a string with no special XML characters","status":"passed","title":"should not change a string with no special XML characters","duration":0.28563099999996666,"failureMessages":[],"meta":{}},{"ancestorTitles":["escapeXml"],"fullName":"escapeXml should escape \"&\" to \"&amp;\"","status":"passed","title":"should escape \"&\" to \"&amp;\"","duration":0.2958300000000236,"failureMessages":[],"meta":{}},{"ancestorTitles":["escapeXml"],"fullName":"escapeXml should escape \"<\" to \"&lt;\"","status":"passed","title":"should escape \"<\" to \"&lt;\"","duration":0.24324999999998909,"failureMessages":[],"meta":{}},{"ancestorTitles":["escapeXml"],"fullName":"escapeXml should escape \">\" to \"&gt;\"","status":"passed","title":"should escape \">\" to \"&gt;\"","duration":0.28342399999996815,"failureMessages":[],"meta":{}},{"ancestorTitles":["escapeXml"],"fullName":"escapeXml should escape '\"' to \"&quot;\"","status":"passed","title":"should escape '\"' to \"&quot;\"","duration":0.18529499999999643,"failureMessages":[],"meta":{}},{"ancestorTitles":["escapeXml"],"fullName":"escapeXml should escape \"'\" to \"&apos;\"","status":"passed","title":"should escape \"'\" to \"&apos;\"","duration":0.1340179999999691,"failureMessages":[],"meta":{}},{"ancestorTitles":["escapeXml"],"fullName":"escapeXml should escape all special characters in a mixed string","status":"passed","title":"should escape all special characters in a mixed string","duration":0.4803460000000541,"failureMessages":[],"meta":{}},{"ancestorTitles":["escapeXml"],"fullName":"escapeXml should handle multiple occurrences of the same character","status":"passed","title":"should handle multiple occurrences of the same character","duration":0.20676400000002104,"failureMessages":[],"meta":{}},{"ancestorTitles":["escapeXml"],"fullName":"escapeXml should handle special characters at the beginning and end of the string","status":"passed","title":"should handle special characters at the beginning and end of the string","duration":0.12366399999996247,"failureMessages":[],"meta":{}}],"startTime":1750284969866,"endTime":1750284969873.2068,"status":"passed","message":"","name":"/app/functions/utils/xml-utils.test.js"},{"assertionResults":[{"ancestorTitles":["ActiveRegionDisplay"],"fullName":"ActiveRegionDisplay renders loading state","status":"passed","title":"renders loading state","duration":26.013852999999926,"failureMessages":[],"meta":{}},{"ancestorTitles":["ActiveRegionDisplay"],"fullName":"ActiveRegionDisplay renders list of active regions","status":"passed","title":"renders list of active regions","duration":10.59027500000002,"failureMessages":[],"meta":{}},{"ancestorTitles":["ActiveRegionDisplay"],"fullName":"ActiveRegionDisplay renders no significant activity message","status":"passed","title":"renders no significant activity message","duration":5.402409000000034,"failureMessages":[],"meta":{}},{"ancestorTitles":["ActiveRegionDisplay"],"fullName":"ActiveRegionDisplay renders region name with color","status":"passed","title":"renders region name with color","duration":8.641804000000093,"failureMessages":[],"meta":{}},{"ancestorTitles":["ActiveRegionDisplay"],"fullName":"ActiveRegionDisplay renders region with default color if not found in REGIONS prop","status":"passed","title":"renders region with default color if not found in REGIONS prop","duration":4.497740000000022,"failureMessages":[],"meta":{}},{"ancestorTitles":["ActiveRegionDisplay"],"fullName":"ActiveRegionDisplay renders multiple regions correctly","status":"passed","title":"renders multiple regions correctly","duration":3.4546399999999267,"failureMessages":[],"meta":{}}],"startTime":1750284953314,"endTime":1750284953372.4546,"status":"passed","message":"","name":"/app/src/components/ActiveRegionDisplay.test.jsx"},{"assertionResults":[{"ancestorTitles":["ActivityList"],"fullName":"ActivityList renders null if latestFeelableQuakesSnippet is null or empty","status":"passed","title":"renders null if latestFeelableQuakesSnippet is null or empty","duration":16.903066999999965,"failureMessages":[],"meta":{}},{"ancestorTitles":["ActivityList"],"fullName":"ActivityList renders list of activities","status":"passed","title":"renders list of activities","duration":25.01388299999985,"failureMessages":[],"meta":{}},{"ancestorTitles":["ActivityList"],"fullName":"ActivityList calls handleQuakeClick when an activity is clicked","status":"passed","title":"calls handleQuakeClick when an activity is clicked","duration":9.682371999999987,"failureMessages":[],"meta":{}},{"ancestorTitles":["ActivityList"],"fullName":"ActivityList calls navigate when \"View All Recent Activity\" button is clicked","status":"passed","title":"calls navigate when \"View All Recent Activity\" button is clicked","duration":5.213029000000006,"failureMessages":[],"meta":{}},{"ancestorTitles":["ActivityList"],"fullName":"ActivityList renders placeholder for place if not available","status":"passed","title":"renders placeholder for place if not available","duration":7.941274000000021,"failureMessages":[],"meta":{}}],"startTime":1750284957541,"endTime":1750284957605.9412,"status":"passed","message":"","name":"/app/src/components/ActivityList.test.jsx"},{"assertionResults":[{"ancestorTitles":["AlertDisplay"],"fullName":"AlertDisplay renders null when no alert config and no tsunami warning","status":"passed","title":"renders null when no alert config and no tsunami warning","duration":19.777814000000035,"failureMessages":[],"meta":{}},{"ancestorTitles":["AlertDisplay"],"fullName":"AlertDisplay renders alert message when currentAlertConfig is provided","status":"passed","title":"renders alert message when currentAlertConfig is provided","duration":15.119940999999926,"failureMessages":[],"meta":{}},{"ancestorTitles":["AlertDisplay"],"fullName":"AlertDisplay renders tsunami warning message when hasRecentTsunamiWarning is true and no currentAlertConfig","status":"passed","title":"renders tsunami warning message when hasRecentTsunamiWarning is true and no currentAlertConfig","duration":8.284639000000197,"failureMessages":[],"meta":{}},{"ancestorTitles":["AlertDisplay"],"fullName":"AlertDisplay renders only alert message if both alertConfig and tsunami warning are present","status":"passed","title":"renders only alert message if both alertConfig and tsunami warning are present","duration":3.4954029999998966,"failureMessages":[],"meta":{}},{"ancestorTitles":["AlertDisplay"],"fullName":"AlertDisplay uses default color class if alert level text does not match ALERT_LEVELS keys","status":"passed","title":"uses default color class if alert level text does not match ALERT_LEVELS keys","duration":3.9722260000000915,"failureMessages":[],"meta":{}}],"startTime":1750284962120,"endTime":1750284962170.9722,"status":"passed","message":"","name":"/app/src/components/AlertDisplay.test.jsx"},{"assertionResults":[{"ancestorTitles":["ClusterDetailModal Accessibility"],"fullName":"ClusterDetailModal Accessibility should have no axe violations when displaying cluster data","status":"passed","title":"should have no axe violations when displaying cluster data","duration":208.86593300000004,"failureMessages":[],"meta":{}},{"ancestorTitles":["ClusterDetailModal Accessibility"],"fullName":"ClusterDetailModal Accessibility should return null and have no violations if cluster data is not provided","status":"passed","title":"should return null and have no violations if cluster data is not provided","duration":11.97211900000002,"failureMessages":[],"meta":{}},{"ancestorTitles":["ClusterDetailModal Quake Item Rendering"],"fullName":"ClusterDetailModal Quake Item Rendering should render magnitude and location on the same line with correct magnitude color","status":"passed","title":"should render magnitude and location on the same line with correct magnitude color","duration":20.304797000000008,"failureMessages":[],"meta":{}}],"startTime":1750284943751,"endTime":1750284943992.3047,"status":"passed","message":"","name":"/app/src/components/ClusterDetailModal.test.jsx"},{"assertionResults":[{"ancestorTitles":["ClusterDetailModalWrapper URL Slug Parsing"],"fullName":"ClusterDetailModalWrapper URL Slug Parsing should handle slug: \"15-quakes-near-southern-sumatra-indonesia-up-to-m5.8-us7000mfp9\" (Valid full slug)","status":"passed","title":"should handle slug: \"15-quakes-near-southern-sumatra-indonesia-up-to-m5.8-us7000mfp9\" (Valid full slug)","duration":42.78273400000012,"failureMessages":[],"meta":{}},{"ancestorTitles":["ClusterDetailModalWrapper URL Slug Parsing"],"fullName":"ClusterDetailModalWrapper URL Slug Parsing should handle slug: \"10-quakes-near-some-place-up-to-m5.0-\" (Invalid slug - empty ID at the end)","status":"passed","title":"should handle slug: \"10-quakes-near-some-place-up-to-m5.0-\" (Invalid slug - empty ID at the end)","duration":12.019446000000016,"failureMessages":[],"meta":{}},{"ancestorTitles":["ClusterDetailModalWrapper URL Slug Parsing"],"fullName":"ClusterDetailModalWrapper URL Slug Parsing should handle slug: \"null\" (Null slug (e.g. route not fully loaded))","status":"passed","title":"should handle slug: \"null\" (Null slug (e.g. route not fully loaded))","duration":6.1524859999999535,"failureMessages":[],"meta":{}},{"ancestorTitles":["ClusterDetailModalWrapper URL Slug Parsing"],"fullName":"ClusterDetailModalWrapper URL Slug Parsing should handle slug: \"invalid-slug-format-usGSX1\" (Slug with only ID-like part after last hyphen (permissive regex))","status":"passed","title":"should handle slug: \"invalid-slug-format-usGSX1\" (Slug with only ID-like part after last hyphen (permissive regex))","duration":6.111270000000104,"failureMessages":[],"meta":{}}],"startTime":1750284959549,"endTime":1750284959616.1113,"status":"passed","message":"","name":"/app/src/components/ClusterDetailModalWrapper.parsing.test.jsx"},{"assertionResults":[{"ancestorTitles":["ClusterDetailModalWrapper","Prop Handling"],"fullName":"ClusterDetailModalWrapper Prop Handling should use cluster data from overviewClusters if found, matching by strongestQuakeId","status":"passed","title":"should use cluster data from overviewClusters if found, matching by strongestQuakeId","duration":56.16057699999965,"failureMessages":[],"meta":{}},{"ancestorTitles":["ClusterDetailModalWrapper","Cluster Reconstruction with fetchActiveClusters (Old ID Format)"],"fullName":"ClusterDetailModalWrapper Cluster Reconstruction with fetchActiveClusters (Old ID Format) Scenario 1: fetchActiveClusters returns data successfully","status":"failed","title":"Scenario 1: fetchActiveClusters returns data successfully","duration":1028.5426830000001,"failureMessages":["Error: Unable to find an element with the text: Cluster: overview_cluster_reconTargetID_someLocation. This could be because the text is broken up by multiple elements. In this case, you can provide a function for your text matcher to make your matcher more flexible.\n\nIgnored nodes: comments, script, style\n\u001b[36m<body>\u001b[39m\n  \u001b[36m<div>\u001b[39m\n    \u001b[36m<div\u001b[39m\n      \u001b[33mclass\u001b[39m=\u001b[32m\"fixed inset-0 bg-slate-900 bg-opacity-75 flex items-center justify-center z-[60] p-4\"\u001b[39m\n    \u001b[36m>\u001b[39m\n      \u001b[36m<div\u001b[39m\n        \u001b[33mclass\u001b[39m=\u001b[32m\"bg-slate-800 p-6 rounded-lg shadow-2xl text-slate-200 border border-slate-700 text-center\"\u001b[39m\n      \u001b[36m>\u001b[39m\n        \u001b[36m<h2\u001b[39m\n          \u001b[33mclass\u001b[39m=\u001b[32m\"text-lg font-semibold text-indigo-300\"\u001b[39m\n        \u001b[36m>\u001b[39m\n          \u001b[0mPreparing Cluster Information...\u001b[0m\n        \u001b[36m</h2>\u001b[39m\n        \u001b[36m<p\u001b[39m\n          \u001b[33mclass\u001b[39m=\u001b[32m\"text-sm text-slate-400\"\u001b[39m\n        \u001b[36m>\u001b[39m\n          \u001b[0mThis should only take a moment.\u001b[0m\n        \u001b[36m</p>\u001b[39m\n      \u001b[36m</div>\u001b[39m\n    \u001b[36m</div>\u001b[39m\n  \u001b[36m</div>\u001b[39m\n\u001b[36m</body>\u001b[39m\n    at waitForWrapper (/app/node_modules/@testing-library/dom/dist/wait-for.js:163:27)\n    at /app/node_modules/@testing-library/dom/dist/query-helpers.js:86:33\n    at /app/src/components/ClusterDetailModalWrapper.test.jsx:213:20\n    at file:///app/node_modules/@vitest/runner/dist/chunk-hooks.js:155:11\n    at file:///app/node_modules/@vitest/runner/dist/chunk-hooks.js:752:26\n    at file:///app/node_modules/@vitest/runner/dist/chunk-hooks.js:1894:20\n    at new Promise (<anonymous>)\n    at runWithTimeout (file:///app/node_modules/@vitest/runner/dist/chunk-hooks.js:1860:10)\n    at runTest (file:///app/node_modules/@vitest/runner/dist/chunk-hooks.js:1571:12)\n    at runSuite (file:///app/node_modules/@vitest/runner/dist/chunk-hooks.js:1726:8)"],"meta":{}},{"ancestorTitles":["ClusterDetailModalWrapper","Cluster Reconstruction with fetchActiveClusters (Old ID Format)"],"fullName":"ClusterDetailModalWrapper Cluster Reconstruction with fetchActiveClusters (Old ID Format) Scenario 2a: fetchActiveClusters fails, and fetchClusterDefinition also returns null","status":"failed","title":"Scenario 2a: fetchActiveClusters fails, and fetchClusterDefinition also returns null","duration":1007.4455800000001,"failureMessages":["Error: Unable to find an element with the text: Cluster details could not be found or were incomplete.. This could be because the text is broken up by multiple elements. In this case, you can provide a function for your text matcher to make your matcher more flexible.\n\nIgnored nodes: comments, script, style\n\u001b[36m<body>\u001b[39m\n  \u001b[36m<div>\u001b[39m\n    \u001b[36m<div\u001b[39m\n      \u001b[33mclass\u001b[39m=\u001b[32m\"fixed inset-0 bg-slate-900 bg-opacity-75 flex items-center justify-center z-[60] p-4\"\u001b[39m\n    \u001b[36m>\u001b[39m\n      \u001b[36m<div\u001b[39m\n        \u001b[33mclass\u001b[39m=\u001b[32m\"bg-slate-800 p-6 rounded-lg shadow-2xl text-slate-200 border border-slate-700 text-center\"\u001b[39m\n      \u001b[36m>\u001b[39m\n        \u001b[36m<h2\u001b[39m\n          \u001b[33mclass\u001b[39m=\u001b[32m\"text-lg font-semibold text-indigo-300\"\u001b[39m\n        \u001b[36m>\u001b[39m\n          \u001b[0mPreparing Cluster Information...\u001b[0m\n        \u001b[36m</h2>\u001b[39m\n        \u001b[36m<p\u001b[39m\n          \u001b[33mclass\u001b[39m=\u001b[32m\"text-sm text-slate-400\"\u001b[39m\n        \u001b[36m>\u001b[39m\n          \u001b[0mThis should only take a moment.\u001b[0m\n        \u001b[36m</p>\u001b[39m\n      \u001b[36m</div>\u001b[39m\n    \u001b[36m</div>\u001b[39m\n  \u001b[36m</div>\u001b[39m\n\u001b[36m</body>\u001b[39m\n    at Proxy.waitForWrapper (/app/node_modules/@testing-library/dom/dist/wait-for.js:163:27)\n    at /app/src/components/ClusterDetailModalWrapper.test.jsx:255:13\n    at file:///app/node_modules/@vitest/runner/dist/chunk-hooks.js:155:11\n    at file:///app/node_modules/@vitest/runner/dist/chunk-hooks.js:752:26\n    at file:///app/node_modules/@vitest/runner/dist/chunk-hooks.js:1894:20\n    at new Promise (<anonymous>)\n    at runWithTimeout (file:///app/node_modules/@vitest/runner/dist/chunk-hooks.js:1860:10)\n    at runTest (file:///app/node_modules/@vitest/runner/dist/chunk-hooks.js:1571:12)\n    at runSuite (file:///app/node_modules/@vitest/runner/dist/chunk-hooks.js:1726:8)\n    at runSuite (file:///app/node_modules/@vitest/runner/dist/chunk-hooks.js:1726:8)"],"meta":{}},{"ancestorTitles":["ClusterDetailModalWrapper","Cluster Reconstruction with fetchActiveClusters (Old ID Format)"],"fullName":"ClusterDetailModalWrapper Cluster Reconstruction with fetchActiveClusters (Old ID Format) Scenario 2b: fetchActiveClusters fails, but fetchClusterDefinition succeeds","status":"failed","title":"Scenario 2b: fetchActiveClusters fails, but fetchClusterDefinition succeeds","duration":1006.9107210000002,"failureMessages":["Error: Unable to find an element with the text: Cluster: overview_cluster_reconTargetID_someLocation. This could be because the text is broken up by multiple elements. In this case, you can provide a function for your text matcher to make your matcher more flexible.\n\nIgnored nodes: comments, script, style\n\u001b[36m<body>\u001b[39m\n  \u001b[36m<div>\u001b[39m\n    \u001b[36m<div\u001b[39m\n      \u001b[33mclass\u001b[39m=\u001b[32m\"fixed inset-0 bg-slate-900 bg-opacity-75 flex items-center justify-center z-[60] p-4\"\u001b[39m\n    \u001b[36m>\u001b[39m\n      \u001b[36m<div\u001b[39m\n        \u001b[33mclass\u001b[39m=\u001b[32m\"bg-slate-800 p-6 rounded-lg shadow-2xl text-slate-200 border border-slate-700 text-center\"\u001b[39m\n      \u001b[36m>\u001b[39m\n        \u001b[36m<h2\u001b[39m\n          \u001b[33mclass\u001b[39m=\u001b[32m\"text-lg font-semibold text-indigo-300\"\u001b[39m\n        \u001b[36m>\u001b[39m\n          \u001b[0mPreparing Cluster Information...\u001b[0m\n        \u001b[36m</h2>\u001b[39m\n        \u001b[36m<p\u001b[39m\n          \u001b[33mclass\u001b[39m=\u001b[32m\"text-sm text-slate-400\"\u001b[39m\n        \u001b[36m>\u001b[39m\n          \u001b[0mThis should only take a moment.\u001b[0m\n        \u001b[36m</p>\u001b[39m\n      \u001b[36m</div>\u001b[39m\n    \u001b[36m</div>\u001b[39m\n  \u001b[36m</div>\u001b[39m\n\u001b[36m</body>\u001b[39m\n    at waitForWrapper (/app/node_modules/@testing-library/dom/dist/wait-for.js:163:27)\n    at /app/node_modules/@testing-library/dom/dist/query-helpers.js:86:33\n    at /app/src/components/ClusterDetailModalWrapper.test.jsx:317:20\n    at file:///app/node_modules/@vitest/runner/dist/chunk-hooks.js:155:11\n    at file:///app/node_modules/@vitest/runner/dist/chunk-hooks.js:752:26\n    at file:///app/node_modules/@vitest/runner/dist/chunk-hooks.js:1894:20\n    at new Promise (<anonymous>)\n    at runWithTimeout (file:///app/node_modules/@vitest/runner/dist/chunk-hooks.js:1860:10)\n    at runTest (file:///app/node_modules/@vitest/runner/dist/chunk-hooks.js:1571:12)\n    at runSuite (file:///app/node_modules/@vitest/runner/dist/chunk-hooks.js:1726:8)"],"meta":{}}],"startTime":1750284938949,"endTime":1750284942048.9106,"status":"failed","message":"","name":"/app/src/components/ClusterDetailModalWrapper.test.jsx"},{"assertionResults":[{"ancestorTitles":["ClusterMiniMap - Core Logic"],"fullName":"ClusterMiniMap - Core Logic should render EarthquakeMap and pass correct props for a typical cluster","status":"passed","title":"should render EarthquakeMap and pass correct props for a typical cluster","duration":38.60438900000008,"failureMessages":[],"meta":{}},{"ancestorTitles":["ClusterMiniMap - Core Logic"],"fullName":"ClusterMiniMap - Core Logic should correctly identify the latest quake with different times","status":"passed","title":"should correctly identify the latest quake with different times","duration":5.143655000000081,"failureMessages":[],"meta":{}},{"ancestorTitles":["ClusterMiniMap - Core Logic"],"fullName":"ClusterMiniMap - Core Logic should handle a single earthquake cluster","status":"passed","title":"should handle a single earthquake cluster","duration":19.483160999999882,"failureMessages":[],"meta":{}},{"ancestorTitles":["ClusterMiniMap - Core Logic"],"fullName":"ClusterMiniMap - Core Logic calculates geographic center correctly with mixed valid/invalid coordinates","status":"passed","title":"calculates geographic center correctly with mixed valid/invalid coordinates","duration":2.60403499999984,"failureMessages":[],"meta":{}},{"ancestorTitles":["ClusterMiniMap - Placeholder and Error Rendering"],"fullName":"ClusterMiniMap - Placeholder and Error Rendering should render placeholder for null or undefined cluster","status":"passed","title":"should render placeholder for null or undefined cluster","duration":9.403430999999955,"failureMessages":[],"meta":{}},{"ancestorTitles":["ClusterMiniMap - Placeholder and Error Rendering"],"fullName":"ClusterMiniMap - Placeholder and Error Rendering should render placeholder for empty or invalid originalQuakes array","status":"passed","title":"should render placeholder for empty or invalid originalQuakes array","duration":3.838371000000052,"failureMessages":[],"meta":{}},{"ancestorTitles":["ClusterMiniMap - Malformed Data Handling"],"fullName":"ClusterMiniMap - Malformed Data Handling renders \"Cannot determine highlight quake\" if all quakes miss time","status":"passed","title":"renders \"Cannot determine highlight quake\" if all quakes miss time","duration":5.168484000000035,"failureMessages":[],"meta":{}},{"ancestorTitles":["ClusterMiniMap - Malformed Data Handling"],"fullName":"ClusterMiniMap - Malformed Data Handling renders \"Cannot determine highlight quake\" if all quakes miss mag (thus no valid latest)","status":"passed","title":"renders \"Cannot determine highlight quake\" if all quakes miss mag (thus no valid latest)","duration":3.0149790000000394,"failureMessages":[],"meta":{}},{"ancestorTitles":["ClusterMiniMap - Malformed Data Handling"],"fullName":"ClusterMiniMap - Malformed Data Handling renders \"Cannot dete
[...]
eta":{}},{"ancestorTitles":["EarthquakeDataContext: loadMonthlyData with D1 Fallback","D1 Fallback Logic for loadMonthlyData"],"fullName":"EarthquakeDataContext: loadMonthlyData with D1 Fallback D1 Fallback Logic for loadMonthlyData D1 Failure (500), USGS Success: should fall back to USGS","status":"passed","title":"D1 Failure (500), USGS Success: should fall back to USGS","duration":20.093393000000106,"failureMessages":[],"meta":{}},{"ancestorTitles":["EarthquakeDataContext: loadMonthlyData with D1 Fallback","D1 Fallback Logic for loadMonthlyData"],"fullName":"EarthquakeDataContext: loadMonthlyData with D1 Fallback D1 Fallback Logic for loadMonthlyData D1 Returns Invalid Header, USGS Success: should fall back to USGS","status":"passed","title":"D1 Returns Invalid Header, USGS Success: should fall back to USGS","duration":19.780561000000034,"failureMessages":[],"meta":{}},{"ancestorTitles":["EarthquakeDataContext: loadMonthlyData with D1 Fallback","D1 Fallback Logic for loadMonthlyData"],"fullName":"EarthquakeDataContext: loadMonthlyData with D1 Fallback D1 Fallback Logic for loadMonthlyData D1 Returns Invalid Feature Array, USGS Success: should fall back to USGS","status":"passed","title":"D1 Returns Invalid Feature Array, USGS Success: should fall back to USGS","duration":20.355309999999918,"failureMessages":[],"meta":{}},{"ancestorTitles":["EarthquakeDataContext: loadMonthlyData with D1 Fallback","D1 Fallback Logic for loadMonthlyData"],"fullName":"EarthquakeDataContext: loadMonthlyData with D1 Fallback D1 Fallback Logic for loadMonthlyData Both D1 and USGS Fail: should set monthlyError","status":"passed","title":"Both D1 and USGS Fail: should set monthlyError","duration":15.815166999999974,"failureMessages":[],"meta":{}},{"ancestorTitles":["EarthquakeDataContext: loadMonthlyData with D1 Fallback","Original USGS Path Tests (assuming D1 fails first for monthly load)"],"fullName":"EarthquakeDataContext: loadMonthlyData with D1 Fallback Original USGS Path Tests (assuming D1 fails first for monthly load) should fetch monthly data and dispatch MONTHLY_DATA_PROCESSED on success (USGS path)","status":"passed","title":"should fetch monthly data and dispatch MONTHLY_DATA_PROCESSED on success (USGS path)","duration":26.05729999999994,"failureMessages":[],"meta":{}},{"ancestorTitles":["EarthquakeDataContext: loadMonthlyData with D1 Fallback","Original USGS Path Tests (assuming D1 fails first for monthly load)"],"fullName":"EarthquakeDataContext: loadMonthlyData with D1 Fallback Original USGS Path Tests (assuming D1 fails first for monthly load) should set monthlyError if API returns an error object (USGS path)","status":"passed","title":"should set monthlyError if API returns an error object (USGS path)","duration":13.065624999999955,"failureMessages":[],"meta":{}},{"ancestorTitles":["EarthquakeDataContext: loadMonthlyData with D1 Fallback","Original USGS Path Tests (assuming D1 fails first for monthly load)"],"fullName":"EarthquakeDataContext: loadMonthlyData with D1 Fallback Original USGS Path Tests (assuming D1 fails first for monthly load) should set monthlyError if API call throws an error (USGS path)","status":"passed","title":"should set monthlyError if API call throws an error (USGS path)","duration":10.658924999999954,"failureMessages":[],"meta":{}},{"ancestorTitles":["EarthquakeDataContext: loadMonthlyData with D1 Fallback","Original USGS Path Tests (assuming D1 fails first for monthly load)"],"fullName":"EarthquakeDataContext: loadMonthlyData with D1 Fallback Original USGS Path Tests (assuming D1 fails first for monthly load) should set monthlyError if API returns empty features array (USGS path)","status":"passed","title":"should set monthlyError if API returns empty features array (USGS path)","duration":9.418813999999884,"failureMessages":[],"meta":{}},{"ancestorTitles":["EarthquakeDataContext: loadMonthlyData with D1 Fallback","Original USGS Path Tests (assuming D1 fails first for monthly load)"],"fullName":"EarthquakeDataContext: loadMonthlyData with D1 Fallback Original USGS Path Tests (assuming D1 fails first for monthly load) should set monthlyError if API returns no features key (USGS path)","status":"passed","title":"should set monthlyError if API returns no features key (USGS path)","duration":7.614628999999923,"failureMessages":[],"meta":{}}],"startTime":1750284946995,"endTime":1750284947220.6147,"status":"passed","message":"","name":"/app/src/tests/contexts/EarthquakeDataContext.monthlyLoad.test.jsx"},{"assertionResults":[{"ancestorTitles":["EarthquakeDataContext Reducer"],"fullName":"EarthquakeDataContext Reducer should return the initial state","status":"passed","title":"should return the initial state","duration":2.171106000000009,"failureMessages":[],"meta":{}},{"ancestorTitles":["EarthquakeDataContext Reducer","SET_LOADING_FLAGS action"],"fullName":"EarthquakeDataContext Reducer SET_LOADING_FLAGS action should update multiple loading flags","status":"passed","title":"should update multiple loading flags","duration":0.928805999999895,"failureMessages":[],"meta":{}},{"ancestorTitles":["EarthquakeDataContext Reducer","SET_LOADING_FLAGS action"],"fullName":"EarthquakeDataContext Reducer SET_LOADING_FLAGS action should update a single loading flag","status":"passed","title":"should update a single loading flag","duration":0.4145880000000943,"failureMessages":[],"meta":{}},{"ancestorTitles":["EarthquakeDataContext Reducer","SET_LOADING_FLAGS action"],"fullName":"EarthquakeDataContext Reducer SET_LOADING_FLAGS action should not change other state properties","status":"passed","title":"should not change other state properties","duration":0.5868400000001657,"failureMessages":[],"meta":{}},{"ancestorTitles":["EarthquakeDataContext Reducer","SET_ERROR action"],"fullName":"EarthquakeDataContext Reducer SET_ERROR action should update general error and clear monthly error","status":"passed","title":"should update general error and clear monthly error","duration":0.43861500000002707,"failureMessages":[],"meta":{}},{"ancestorTitles":["EarthquakeDataContext Reducer","SET_ERROR action"],"fullName":"EarthquakeDataContext Reducer SET_ERROR action should update monthlyError and clear general error","status":"passed","title":"should update monthlyError and clear general error","duration":0.7442889999999807,"failureMessages":[],"meta":{}},{"ancestorTitles":["EarthquakeDataContext Reducer","SET_ERROR action"],"fullName":"EarthquakeDataContext Reducer SET_ERROR action should update only one error if the other is undefined in payload","status":"passed","title":"should update only one error if the other is undefined in payload","duration":0.5156130000000303,"failureMessages":[],"meta":{}},{"ancestorTitles":["EarthquakeDataContext Reducer"],"fullName":"EarthquakeDataContext Reducer should handle SET_INITIAL_LOAD_COMPLETE","status":"passed","title":"should handle SET_INITIAL_LOAD_COMPLETE","duration":0.28313500000012937,"failureMessages":[],"meta":{}},{"ancestorTitles":["EarthquakeDataContext Reducer"],"fullName":"EarthquakeDataContext Reducer should handle UPDATE_LOADING_MESSAGE_INDEX","status":"passed","title":"should handle UPDATE_LOADING_MESSAGE_INDEX","duration":0.5228549999999359,"failureMessages":[],"meta":{}},{"ancestorTitles":["EarthquakeDataContext Reducer"],"fullName":"EarthquakeDataContext Reducer should handle UPDATE_LOADING_MESSAGE_INDEX and cycle to 0","status":"passed","title":"should handle UPDATE_LOADING_MESSAGE_INDEX and cycle to 0","duration":0.22639800000001742,"failureMessages":[],"meta":{}},{"ancestorTitles":["EarthquakeDataContext Reducer"],"fullName":"EarthquakeDataContext Reducer should handle SET_LOADING_MESSAGES","status":"passed","title":"should handle SET_LOADING_MESSAGES","duration":0.2609820000000127,"failureMessages":[],"meta":{}},{"ancestorTitles":["EarthquakeDataContext Reducer","DAILY_DATA_PROCESSED action"],"fullName":"EarthquakeDataContext Reducer DAILY_DATA_PROCESSED action should set isLoadingDaily to false and update fetch times","status":"passed","title":"should set isLoadingDaily to false and update fetch times","duration":0.285050000000183,"failureMessages":[],"meta":{}},{"ancestorTitles":["EarthquakeDataContext Reducer","DAILY_DATA_PROCESSED action"],"fullName":"EarthquakeDataContext Reducer DAILY_DATA_PROCESSED action should filter earthquakes","status":"passed","title":"should filter earthquakes","duration":0.343998000000056,"failureMessages":[],"meta":{}},{"ancestorTitles":["EarthquakeDataContext Reducer","DAILY_DATA_PROCESSED action"],"fullName":"EarthquakeDataContext Reducer DAILY_DATA_PROCESSED action should update tsunami and alert status","status":"passed","title":"should update tsunami and alert status","duration":0.18153699999993478,"failureMessages":[],"meta":{}},{"ancestorTitles":["EarthquakeDataContext Reducer","DAILY_DATA_PROCESSED action"],"fullName":"EarthquakeDataContext Reducer DAILY_DATA_PROCESSED action should consolidate major quakes","status":"passed","title":"should consolidate major quakes","duration":0.12774400000012065,"failureMessages":[],"meta":{}},{"ancestorTitles":["EarthquakeDataContext Reducer","DAILY_DATA_PROCESSED action"],"fullName":"EarthquakeDataContext Reducer DAILY_DATA_PROCESSED action should handle no alerts","status":"passed","title":"should handle no alerts","duration":0.38988399999993817,"failureMessages":[],"meta":{}},{"ancestorTitles":["EarthquakeDataContext Reducer","DAILY_DATA_PROCESSED action"],"fullName":"EarthquakeDataContext Reducer DAILY_DATA_PROCESSED action should handle no major quakes","status":"passed","title":"should handle no major quakes","duration":0.24014299999998912,"failureMessages":[],"meta":{}},{"ancestorTitles":["EarthquakeDataContext Reducer","WEEKLY_DATA_PROCESSED action"],"fullName":"EarthquakeDataContext Reducer WEEKLY_DATA_PROCESSED action should set isLoadingWeekly to false","status":"passed","title":"should set isLoadingWeekly to false","duration":0.12838299999998526,"failureMessages":[],"meta":{}},{"ancestorTitles":["EarthquakeDataContext Reducer","WEEKLY_DATA_PROCESSED action"],"fullName":"EarthquakeDataContext Reducer WEEKLY_DATA_PROCESSED action should filter earthquakes for last 72 hours (deduplicated) and last 7 days","status":"passed","title":"should filter earthquakes for last 72 hours (deduplicated) and last 7 days","duration":0.4516280000000279,"failureMessages":[],"meta":{}},{"ancestorTitles":["EarthquakeDataContext Reducer","WEEKLY_DATA_PROCESSED action"],"fullName":"EarthquakeDataContext Reducer WEEKLY_DATA_PROCESSED action should populate globeEarthquakes (sorted subset of last 72 hours, deduplicated)","status":"passed","title":"should populate globeEarthquakes (sorted subset of last 72 hours, deduplicated)","duration":0.3678890000001047,"failureMessages":[],"meta":{}},{"ancestorTitles":["EarthquakeDataContext Reducer","WEEKLY_DATA_PROCESSED action"],"fullName":"EarthquakeDataContext Reducer WEEKLY_DATA_PROCESSED action should filter prev24HourData (48h to 24h ago)","status":"passed","title":"should filter prev24HourData (48h to 24h ago)","duration":0.16739599999982602,"failureMessages":[],"meta":{}},{"ancestorTitles":["EarthquakeDataContext Reducer","WEEKLY_DATA_PROCESSED action"],"fullName":"EarthquakeDataContext Reducer WEEKLY_DATA_PROCESSED action should consolidate major quakes from weekly data","status":"passed","title":"should consolidate major quakes from weekly data","duration":0.3882770000000164,"failureMessages":[],"meta":{}},{"ancestorTitles":["EarthquakeDataContext Reducer","WEEKLY_DATA_PROCESSED action"],"fullName":"EarthquakeDataContext Reducer WEEKLY_DATA_PROCESSED action should calculate dailyCounts7Days, sampledEarthquakesLast7Days, and magnitudeDistribution7Days","status":"passed","title":"should calculate dailyCounts7Days, sampledEarthquakesLast7Days, and magnitudeDistribution7Days","duration":0.29676800000015646,"failureMessages":[],"meta":{}},{"ancestorTitles":["EarthquakeDataContext Reducer","WEEKLY_DATA_PROCESSED action"],"fullName":"EarthquakeDataContext Reducer WEEKLY_DATA_PROCESSED action should handle empty features for weekly processing","status":"passed","title":"should handle empty features for weekly processing","duration":1.368000999999822,"failureMessages":[],"meta":{}},{"ancestorTitles":["EarthquakeDataContext Reducer","MONTHLY_DATA_PROCESSED action"],"fullName":"EarthquakeDataContext Reducer MONTHLY_DATA_PROCESSED action should set isLoadingMonthly to false, hasAttemptedMonthlyLoad to true","status":"passed","title":"should set isLoadingMonthly to false, hasAttemptedMonthlyLoad to true","duration":0.1561619999999948,"failureMessages":[],"meta":{}},{"ancestorTitles":["EarthquakeDataContext Reducer","MONTHLY_DATA_PROCESSED action"],"fullName":"EarthquakeDataContext Reducer MONTHLY_DATA_PROCESSED action should populate allEarthquakes, earthquakesLast14Days, and earthquakesLast30Days","status":"passed","title":"should populate allEarthquakes, earthquakesLast14Days, and earthquakesLast30Days","duration":0.3966040000000248,"failureMessages":[],"meta":{}},{"ancestorTitles":["EarthquakeDataContext Reducer","MONTHLY_DATA_PROCESSED action"],"fullName":"EarthquakeDataContext Reducer MONTHLY_DATA_PROCESSED action should filter prev7DayData and prev14DayData","status":"passed","title":"should filter prev7DayData and prev14DayData","duration":0.2438560000000507,"failureMessages":[],"meta":{}},{"ancestorTitles":["EarthquakeDataContext Reducer","MONTHLY_DATA_PROCESSED action"],"fullName":"EarthquakeDataContext Reducer MONTHLY_DATA_PROCESSED action should consolidate major quakes from monthly data","status":"passed","title":"should consolidate major quakes from monthly data","duration":0.21952299999998104,"failureMessages":[],"meta":{}},{"ancestorTitles":["EarthquakeDataContext Reducer","MONTHLY_DATA_PROCESSED action"],"fullName":"EarthquakeDataContext Reducer MONTHLY_DATA_PROCESSED action should calculate dailyCounts, sampledEarthquakes, and magnitudeDistribution for 14/30 days","status":"passed","title":"should calculate dailyCounts, sampledEarthquakes, and magnitudeDistribution for 14/30 days","duration":0.39096199999994496,"failureMessages":[],"meta":{}},{"ancestorTitles":["EarthquakeDataContext Reducer","MONTHLY_DATA_PROCESSED action"],"fullName":"EarthquakeDataContext Reducer MONTHLY_DATA_PROCESSED action should handle empty features for monthly processing","status":"passed","title":"should handle empty features for monthly processing","duration":5.483816000000161,"failureMessages":[],"meta":{}},{"ancestorTitles":["EarthquakeDataContext Reducer","MONTHLY_DATA_PROCESSED action"],"fullName":"EarthquakeDataContext Reducer MONTHLY_DATA_PROCESSED action should clear monthlyError","status":"passed","title":"should clear monthlyError","duration":7.402556000000004,"failureMessages":[],"meta":{}}],"startTime":1750284967425,"endTime":1750284967452.4026,"status":"passed","message":"","name":"/app/src/tests/contexts/EarthquakeDataContext.reducer.test.jsx"},{"assertionResults":[{"ancestorTitles":["EarthquakeDataProvider Data Refresh"],"fullName":"EarthquakeDataProvider Data Refresh should refresh data when refresh interval callback is manually triggered","status":"passed","title":"should refresh data when refresh interval callback is manually triggered","duration":53.95120500000007,"failureMessages":[],"meta":{}}],"startTime":1750284953851,"endTime":1750284953904.9512,"status":"passed","message":"","name":"/app/src/tests/contexts/EarthquakeDataContext.refresh.test.jsx"},{"assertionResults":[{"ancestorTitles":["EarthquakeDataContext: Memoized Selectors"],"fullName":"EarthquakeDataContext: Memoized Selectors should correctly compute memoized selectors based on context state","status":"passed","title":"should correctly compute memoized selectors based on context state","duration":18.77912900000001,"failureMessages":[],"meta":{}}],"startTime":1750284968693,"endTime":1750284968711.779,"status":"passed","message":"","name":"/app/src/tests/contexts/EarthquakeDataContext.selectors.test.jsx"},{"assertionResults":[{"ancestorTitles":["UIStateContext"],"fullName":"UIStateContext should provide the correct initial state","status":"passed","title":"should provide the correct initial state","duration":20.98173699999984,"failureMessages":[],"meta":{}},{"ancestorTitles":["UIStateContext"],"fullName":"UIStateContext should read initial activeSidebarView from URL search params","status":"passed","title":"should read initial activeSidebarView from URL search params","duration":3.073171000000002,"failureMessages":[],"meta":{}},{"ancestorTitles":["UIStateContext"],"fullName":"UIStateContext should read initial activeFeedPeriod from URL search params","status":"passed","title":"should read initial activeFeedPeriod from URL search params","duration":3.2815209999998842,"failureMessages":[],"meta":{}},{"ancestorTitles":["UIStateContext","changeSidebarView function"],"fullName":"UIStateContext changeSidebarView function should update activeSidebarView and URL search params","status":"passed","title":"should update activeSidebarView and URL search params","duration":6.371785999999929,"failureMessages":[],"meta":{}},{"ancestorTitles":["UIStateContext","changeSidebarView function"],"fullName":"UIStateContext changeSidebarView function should default to overview_panel if no view is provided and update URL","status":"passed","title":"should default to overview_panel if no view is provided and update URL","duration":2.615592000000106,"failureMessages":[],"meta":{}},{"ancestorTitles":["UIStateContext","changeSidebarView function"],"fullName":"UIStateContext changeSidebarView function should not call setSearchParams if view is already set in URL (but still update state)","status":"passed","title":"should not call setSearchParams if view is already set in URL (but still update state)","duration":2.1952450000001136,"failureMessages":[],"meta":{}},{"ancestorTitles":["UIStateContext","changeActiveFeedPeriod function"],"fullName":"UIStateContext changeActiveFeedPeriod function should update activeFeedPeriod and URL search params","status":"passed","title":"should update activeFeedPeriod and URL search params","duration":2.1605389999999716,"failureMessages":[],"meta":{}},{"ancestorTitles":["UIStateContext","changeActiveFeedPeriod function"],"fullName":"UIStateContext changeActiveFeedPeriod function should default to last_24_hours if no period is provided and update URL","status":"passed","title":"should default to last_24_hours if no period is provided and update URL","duration":1.9286530000001676,"failureMessages":[],"meta":{}},{"ancestorTitles":["UIStateContext","changeActiveFeedPeriod function"],"fullName":"UIStateContext changeActiveFeedPeriod function should not call setSearchParams if period is already set in URL (but still update state)","status":"passed","title":"should not call setSearchParams if period is already set in URL (but still update state)","duration":2.2417140000000018,"failureMessages":[],"meta":{}},{"ancestorTitles":["UIStateContext","setGlobeFocusLng function"],"fullName":"UIStateContext setGlobeFocusLng function should update globeFocusLng","status":"passed","title":"should update globeFocusLng","duration":1.982387000000017,"failureMessages":[],"meta":{}},{"ancestorTitles":["UIStateContext","setFocusedNotableQuake function"],"fullName":"UIStateContext setFocusedNotableQuake function should update focusedNotableQuake","status":"passed","title":"should update focusedNotableQuake","duration":2.1073849999997947,"failureMessages":[],"meta":{}},{"ancestorTitles":["UIStateContext","setFocusedNotableQuake function"],"fullName":"UIStateContext setFocusedNotableQuake function should allow setting focusedNotableQuake to null","status":"passed","title":"should allow setting focusedNotableQuake to null","duration":1.8278720000000703,"failureMessages":[],"meta":{}}],"startTime":1750284963572,"endTime":1750284963624.828,"status":"passed","message":"","name":"/app/src/tests/contexts/UIStateContext.test.jsx"}]}