{"numTotalTestSuites":224,"numPassedTestSuites":218,"numFailedTestSuites":6,"numPendingTestSuites":0,"numTotalTests":655,"numPassedTests":638,"numFailedTests":11,"numPendingTests":4,"numTodoTests":2,"snapshot":{"added":0,"failure":false,"filesAdded":0,"filesRemoved":0,"filesRemovedList":[],"filesUnmatched":0,"filesUpdated":0,"matched":1,"total":1,"unchecked":0,"uncheckedKeysByFile":[],"unmatched":0,"updated":0,"didUpdate":false},"startTime":1750482759450,"success":false,"testResults":[{"assertionResults":[{"ancestorTitles":["Helper Functions from [[catchall]].js","isCrawler"],"fullName":"Helper Functions from [[catchall]].js isCrawler should return true for Googlebot","status":"passed","title":"should return true for Googlebot","duration":4.795646999999917,"failureMessages":[],"meta":{}},{"ancestorTitles":["Helper Functions from [[catchall]].js","isCrawler"],"fullName":"Helper Functions from [[catchall]].js isCrawler should return false for a normal browser","status":"passed","title":"should return false for a normal browser","duration":0.8113929999999527,"failureMessages":[],"meta":{}},{"ancestorTitles":["Helper Functions from [[catchall]].js","escapeXml"],"fullName":"Helper Functions from [[catchall]].js escapeXml should escape XML special characters","status":"passed","title":"should escape XML special characters","duration":0.36518599999999424,"failureMessages":[],"meta":{}},{"ancestorTitles":["Helper Functions from [[catchall]].js","escapeXml"],"fullName":"Helper Functions from [[catchall]].js escapeXml should return empty string for non-string input","status":"passed","title":"should return empty string for non-string input","duration":2.2022279999998773,"failureMessages":[],"meta":{}},{"ancestorTitles":["onRequest (Main Router Remaining Tests)","Prerendering Handlers (Fallback Logic)"],"fullName":"onRequest (Main Router Remaining Tests) Prerendering Handlers (Fallback Logic) should fall through for crawler on non-prerenderable path","status":"passed","title":"should fall through for crawler on non-prerenderable path","duration":4.727076000000125,"failureMessages":[],"meta":{}},{"ancestorTitles":["onRequest (Main Router Remaining Tests)","Prerendering Handlers (Fallback Logic)"],"fullName":"onRequest (Main Router Remaining Tests) Prerendering Handlers (Fallback Logic) should fall through for crawler if quakeIdPathSegment is empty","status":"passed","title":"should fall through for crawler if quakeIdPathSegment is empty","duration":1.356663000000026,"failureMessages":[],"meta":{}},{"ancestorTitles":["onRequest (Main Router Remaining Tests)","Prerendering Handlers (Fallback Logic)"],"fullName":"onRequest (Main Router Remaining Tests) Prerendering Handlers (Fallback Logic) should fall through for crawler if clusterId is empty","status":"passed","title":"should fall through for crawler if clusterId is empty","duration":1.2384289999999964,"failureMessages":[],"meta":{}},{"ancestorTitles":["onRequest (Main Router Remaining Tests)","Fallback and SPA Routing"],"fullName":"onRequest (Main Router Remaining Tests) Fallback and SPA Routing should call context.next() for unhandled non-API, non-sitemap, non-prerender paths if context.next is defined for non-crawler","status":"passed","title":"should call context.next() for unhandled non-API, non-sitemap, non-prerender paths if context.next is defined for non-crawler","duration":1.0181129999998575,"failureMessages":[],"meta":{}},{"ancestorTitles":["onRequest (Main Router Remaining Tests)","Fallback and SPA Routing"],"fullName":"onRequest (Main Router Remaining Tests) Fallback and SPA Routing should log unhandled path and attempt ASSETS.fetch if context.next is not defined and not an API/Sitemap/Prerender path","status":"passed","title":"should log unhandled path and attempt ASSETS.fetch if context.next is not defined and not an API/Sitemap/Prerender path","duration":5.966751999999815,"failureMessages":[],"meta":{}},{"ancestorTitles":["onRequest (Main Router Remaining Tests)","Fallback and SPA Routing"],"fullName":"onRequest (Main Router Remaining Tests) Fallback and SPA Routing should return 404 for a generic unhandled path when context.next and ASSETS.fetch are undefined/fail","status":"passed","title":"should return 404 for a generic unhandled path when context.next and ASSETS.fetch are undefined/fail","duration":2.0194930000000113,"failureMessages":[],"meta":{}}],"startTime":1750482788421,"endTime":1750482788447.0195,"status":"passed","message":"","name":"/app/functions/[[catchall]].test.js"},{"assertionResults":[{"ancestorTitles":["Prerendering Handler: /cluster/:id"],"fullName":"Prerendering Handler: /cluster/:id /cluster/some-cluster-id (old format) should return 404 because [[catchall]].js regex will not match","status":"passed","title":"/cluster/some-cluster-id (old format) should return 404 because [[catchall]].js regex will not match","duration":18.3801840000001,"failureMessages":[],"meta":{}},{"ancestorTitles":["Prerendering Handler: /cluster/:id","handlePrerenderCluster direct invocation (Simulating route match)"],"fullName":"Prerendering Handler: /cluster/:id handlePrerenderCluster direct invocation (Simulating route match) should query D1 with slug and generate HTML for: Valid slug for direct handler test","status":"passed","title":"should query D1 with slug and generate HTML for: Valid slug for direct handler test","duration":170.04367100000036,"failureMessages":[],"meta":{}},{"ancestorTitles":["Prerendering Handler: /cluster/:id","handlePrerenderCluster direct invocation (Simulating route match)"],"fullName":"Prerendering Handler: /cluster/:id handlePrerenderCluster direct invocation (Simulating route match) should correctly prerender with minimal D1 data (relying on USGS for location/mag)","status":"passed","title":"should correctly prerender with minimal D1 data (relying on USGS for location/mag)","duration":60.40160700000024,"failureMessages":[],"meta":{}},{"ancestorTitles":["Prerendering Handler: /cluster/:id","handlePrerenderCluster direct invocation (Simulating route match)"],"fullName":"Prerendering Handler: /cluster/:id handlePrerenderCluster direct invocation (Simulating route match) should return 404 for slug not found in D1 (Slug that would fail old regex (non-numeric count)): abc-quakes-near-location-m5.0-id1","status":"passed","title":"should return 404 for slug not found in D1 (Slug that would fail old regex (non-numeric count)): abc-quakes-near-location-m5.0-id1","duration":6.969144000000142,"failureMessages":[],"meta":{}},{"ancestorTitles":["Prerendering Handler: /cluster/:id","handlePrerenderCluster direct invocation (Simulating route match)"],"fullName":"Prerendering Handler: /cluster/:id handlePrerenderCluster direct invocation (Simulating route match) should return 404 for slug not found in D1 (Slug that would fail old regex (missing final ID part)): 10-quakes-near-location-m5.0-","status":"passed","title":"should return 404 for slug not found in D1 (Slug that would fail old regex (missing final ID part)): 10-quakes-near-location-m5.0-","duration":7.42774799999961,"failureMessages":[],"meta":{}},{"ancestorTitles":["Prerendering Handler: /cluster/:id","[[catchall]].js routing and integration with handlePrerenderCluster"],"fullName":"Prerendering Handler: /cluster/:id [[catchall]].js routing and integration with handlePrerenderCluster should fall back to SPA/assets for slugs failing [[catchall]].js regex","status":"passed","title":"should fall back to SPA/assets for slugs failing [[catchall]].js regex","duration":2.5353000000000065,"failureMessages":[],"meta":{}},{"ancestorTitles":["Prerendering Handler: /cluster/:id","[[catchall]].js routing and integration with handlePrerenderCluster"],"fullName":"Prerendering Handler: /cluster/:id [[catchall]].js routing and integration with handlePrerenderCluster /cluster/some-cluster-id should handle D1 error during prerender","status":"passed","title":"/cluster/some-cluster-id should handle D1 error during prerender","duration":36.12144599999965,"failureMessages":[],"meta":{}},{"ancestorTitles":["Prerendering Handler: /cluster/:id","[[catchall]].js routing and integration with handlePrerenderCluster"],"fullName":"Prerendering Handler: /cluster/:id [[catchall]].js routing and integration with handlePrerenderCluster /cluster/some-cluster-id should handle fetch error for strongest quake during prerender","status":"passed","title":"/cluster/some-cluster-id should handle fetch error for strongest quake during prerender","duration":47.4017359999998,"failureMessages":[],"meta":{}},{"ancestorTitles":["Prerendering Handler: /cluster/:id"],"fullName":"Prerendering Handler: /cluster/:id /cluster/some-cluster-id should handle DB undefined for prerender","status":"passed","title":"/cluster/some-cluster-id should handle DB undefined for prerender","duration":5.848676000000069,"failureMessages":[],"meta":{}},{"ancestorTitles":["Prerendering Handler: /cluster/:id"],"fullName":"Prerendering Handler: /cluster/:id /cluster/some-cluster-id should handle error parsing earthquakeIds from D1","status":"passed","title":"/cluster/some-cluster-id should handle error parsing earthquakeIds from D1","duration":127.09966200000008,"failureMessages":[],"meta":{}}],"startTime":1750482769179,"endTime":1750482769663.0996,"status":"passed","message":"","name":"/app/functions/prerender-cluster.integration.test.js"},{"assertionResults":[{"ancestorTitles":["Prerendering Handler: /quake/:id"],"fullName":"Prerendering Handler: /quake/:id /quake/some-quake-id should trigger prerender for crawler","status":"passed","title":"/quake/some-quake-id should trigger prerender for crawler","duration":52.17052999999987,"failureMessages":[],"meta":{}},{"ancestorTitles":["Prerendering Handler: /quake/:id"],"fullName":"Prerendering Handler: /quake/:id /quake/some-quake-id should handle fetch error during prerender","status":"passed","title":"/quake/some-quake-id should handle fetch error during prerender","duration":14.65865100000019,"failureMessages":[],"meta":{}},{"ancestorTitles":["Prerendering Handler: /quake/:id"],"fullName":"Prerendering Handler: /quake/:id /quake/some-quake-id should handle non-JSON response during prerender","status":"passed","title":"/quake/some-quake-id should handle non-JSON response during prerender","duration":14.77425100000005,"failureMessages":[],"meta":{}},{"ancestorTitles":["Prerendering Handler: /quake/:id"],"fullName":"Prerendering Handler: /quake/:id /quake/some-quake-id should handle invalid quake data structure during prerender","status":"passed","title":"/quake/some-quake-id should handle invalid quake data structure during prerender","duration":4.538571999999931,"failureMessages":[],"meta":{}},{"ancestorTitles":["Prerendering Handler: /quake/:id"],"fullName":"Prerendering Handler: /quake/:id /quake/some-quake-id should handle non-ok fetch response during prerender","status":"passed","title":"/quake/some-quake-id should handle non-ok fetch response during prerender","duration":9.833000999999967,"failureMessages":[],"meta":{}}],"startTime":1750482792539,"endTime":1750482792634.833,"status":"passed","message":"","name":"/app/functions/prerender-quake.integration.test.js"},{"assertionResults":[{"ancestorTitles":["Cluster Sitemap Handler and URL Generation"],"fullName":"Cluster Sitemap Handler and URL Generation /sitemap-clusters.xml should list clusters from D1 and return XML","status":"failed","title":"/sitemap-clusters.xml should list clusters from D1 and return XML","duration":75.43884500000013,"failureMessages":["AssertionError: expected '<?xml version=\"1.0\" encoding=\"UTF-8\"?…' to contain 'https://earthquakeslive.com/cluster/1…'\n    at /app/functions/sitemaps.clusters.test.js:73:22\n    at processTicksAndRejections (node:internal/process/task_queues:105:5)\n    at file:///app/node_modules/@vitest/runner/dist/chunk-hooks.js:752:20"],"meta":{}},{"ancestorTitles":["Cluster Sitemap Handler and URL Generation"],"fullName":"Cluster Sitemap Handler and URL Generation /sitemap-clusters.xml should handle DB not configured","status":"passed","title":"/sitemap-clusters.xml should handle DB not configured","duration":15.52118500000006,"failureMessages":[],"meta":{}},{"ancestorTitles":["Cluster Sitemap Handler and URL Generation"],"fullName":"Cluster Sitemap Handler and URL Generation /sitemap-clusters.xml should handle D1 query failure","status":"passed","title":"/sitemap-clusters.xml should handle D1 query failure","duration":6.186893999999938,"failureMessages":[],"meta":{}},{"ancestorTitles":["Cluster Sitemap Handler and URL Generation"],"fullName":"Cluster Sitemap Handler and URL Generation /sitemap-clusters.xml should handle empty results from D1","status":"failed","title":"/sitemap-clusters.xml should handle empty results from D1","duration":11.379157999999734,"failureMessages":["AssertionError: expected \"log\" to be called with arguments: [ StringContaining{…} ]\u001b[90m\n\nReceived: \n\n\u001b[1m  1st log call:\n\n\u001b[22m\u001b[2m  [\u001b[22m\n\u001b[32m-   StringContaining \"No cluster definitions found in D1 table ClusterDefinitions.\",\u001b[90m\n\u001b[31m+   \"No valid cluster definitions with slugs found in D1 table ClusterDefinitions.\",\u001b[90m\n\u001b[2m  ]\u001b[22m\n\u001b[39m\u001b[90m\n\nNumber of calls: \u001b[1m1\u001b[22m\n\u001b[39m\n    at Proxy.<anonymous> (file:///app/node_modules/@vitest/expect/dist/index.js:1355:10)\n    at Proxy.<anonymous> (file:///app/node_modules/@vitest/expect/dist/index.js:1029:14)\n    at Proxy.methodWrapper (file:///app/node_modules/chai/chai.js:1618:25)\n    at /app/functions/sitemaps.clusters.test.js:107:29\n    at processTicksAndRejections (node:internal/process/task_queues:105:5)\n    at file:///app/node_modules/@vitest/runner/dist/chunk-hooks.js:752:20"],"meta":{}},{"ancestorTitles":["Cluster Sitemap Handler and URL Generation","handleClustersSitemapRequest New URL Generation"],"fullName":"Cluster Sitemap Handler and URL Generation handleClustersSitemapRequest New URL Generation should generate correct new format URLs for valid D1 entries with successful USGS fetches","status":"failed","title":"should generate correct new format URLs for valid D1 entries with successful USGS fetches","duration":12.056942000000163,"failureMessages":["AssertionError: expected '<?xml version=\"1.0\" encoding=\"UTF-8\"?…' to contain '<loc>https://earthquakeslive.com/clus…'\n    at /app/functions/sitemaps.clusters.test.js:126:25\n    at processTicksAndRejections (node:internal/process/task_queues:105:5)\n    at file:///app/node_modules/@vitest/runner/dist/chunk-hooks.js:752:20"],"meta":{}},{"ancestorTitles":["Cluster Sitemap Handler and URL Generation","handleClustersSitemapRequest New URL Generation"],"fullName":"Cluster Sitemap Handler and URL Generation handleClustersSitemapRequest New URL Generation should skip entries if D1 clusterId parsing fails and log a warning","status":"failed","title":"should skip entries if D1 clusterId parsing fails and log a warning","duration":11.62532199999987,"failureMessages":["AssertionError: expected '<?xml version=\"1.0\" encoding=\"UTF-8\"?…' to contain 'https://earthquakeslive.com/cluster/5…'\n    at /app/functions/sitemaps.clusters.test.js:146:25\n    at processTicksAndRejections (node:internal/process/task_queues:105:5)\n    at file:///app/node_modules/@vitest/runner/dist/chunk-hooks.js:752:20"],"meta":{}},{"ancestorTitles":["Cluster Sitemap Handler and URL Generation","handleClustersSitemapRequest New URL Generation"],"fullName":"Cluster Sitemap Handler and URL Generation handleClustersSitemapRequest New URL Generation should skip entries if USGS fetch fails and log a warning/error","status":"failed","title":"should skip entries if USGS fetch fails and log a warning/error","duration":8.483369999999923,"failureMessages":["AssertionError: expected '<?xml version=\"1.0\" encoding=\"UTF-8\"?…' to contain 'https://earthquakeslive.com/cluster/5…'\n    at /app/functions/sitemaps.clusters.test.js:180:25\n    at processTicksAndRejections (node:internal/process/task_queues:105:5)\n    at file:///app/node_modules/@vitest/runner/dist/chunk-hooks.js:752:20"],"meta":{}},{"ancestorTitles":["Cluster Sitemap Handler and URL Generation","handleClustersSitemapRequest New URL Generation"],"fullName":"Cluster Sitemap Handler and URL Generation handleClustersSitemapRequest New URL Generation should skip entries if USGS response is missing place or mag and log a warning","status":"failed","title":"should skip entries if USGS response is missing place or mag and log a warning","duration":5.922485999999935,"failureMessages":["AssertionError: expected '<?xml version=\"1.0\" encoding=\"UTF-8\"?…' to contain 'https://earthquakeslive.com/cluster/5…'\n    at /app/functions/sitemaps.clusters.test.js:202:25\n    at processTicksAndRejections (node:internal/process/task_queues:105:5)\n    at file:///app/node_modules/@vitest/runner/dist/chunk-hooks.js:752:20"],"meta":{}},{"ancestorTitles":["Cluster Sitemap Handler and URL Generation","handleClustersSitemapRequest New URL Generation"],"fullName":"Cluster Sitemap Handler and URL Generation handleClustersSitemapRequest New URL Generation should skip entries with invalid updatedAt date format from D1 and log a warning","status":"failed","title":"should skip entries with invalid updatedAt date format from D1 and log a warning","duration":5.843129999999746,"failureMessages":["AssertionError: expected '<?xml version=\"1.0\" encoding=\"UTF-8\"?…' to contain 'https://earthquakeslive.com/cluster/1…'\n    at /app/functions/sitemaps.clusters.test.js:223:25\n    at processTicksAndRejections (node:internal/process/task_queues:105:5)\n    at file:///app/node_modules/@vitest/runner/dist/chunk-hooks.js:752:20"],"meta":{}},{"ancestorTitles":["Cluster Sitemap Handler and URL Generation","handleClustersSitemapRequest New URL Generation"],"fullName":"Cluster Sitemap Handler and URL Generation handleClustersSitemapRequest New URL Generation should skip entries missing clusterId or updatedAt from D1 and log a warning","status":"failed","title":"should skip entries missing clusterId or updatedAt from D1 and log a warning","duration":8.898587000000134,"failureMessages":["AssertionError: expected '<?xml version=\"1.0\" encoding=\"UTF-8\"?…' to contain 'https://earthquakeslive.com/cluster/8…'\n    at /app/functions/sitemaps.clusters.test.js:245:25\n    at processTicksAndRejections (node:internal/process/task_queues:105:5)\n    at file:///app/node_modules/@vitest/runner/dist/chunk-hooks.js:752:20"],"meta":{}}],"startTime":1750482771549,"endTime":1750482771710.8987,"status":"failed","message":"","name":"/app/functions/sitemaps.clusters.test.js"},{"assertionResults":[{"ancestorTitles":["Earthquake Sitemap Handler"],"fullName":"Earthquake Sitemap Handler /sitemap-earthquakes.xml should fetch data and return XML","status":"passed","title":"/sitemap-earthquakes.xml should fetch data and return XML","duration":97.42802899999992,"failureMessages":[],"meta":{}},{"ancestorTitles":["Earthquake Sitemap Handler"],"fullName":"Earthquake Sitemap Handler /sitemap-earthquakes.xml should handle fetch error","status":"passed","title":"/sitemap-earthquakes.xml should handle fetch error","duration":12.481454999999869,"failureMessages":[],"meta":{}},{"ancestorTitles":["Earthquake Sitemap Handler"],"fullName":"Earthquake Sitemap Handler /sitemap-earthquakes.xml should handle non-OK response from fetch","status":"passed","title":"/sitemap-earthquakes.xml should handle non-OK response from fetch","duration":4.79019100000005,"failureMessages":[],"meta":{}},{"ancestorTitles":["Earthquake Sitemap Handler"],"fullName":"Earthquake Sitemap Handler /sitemap-earthquakes.xml should handle empty features array","status":"passed","title":"/sitemap-earthquakes.xml should handle empty features array","duration":4.3164869999998245,"failureMessages":[],"meta":{}},{"ancestorTitles":["Earthquake Sitemap Handler"],"fullName":"Earthquake Sitemap Handler /sitemap-earthquakes.xml should skip features missing properties.detail","status":"passed","title":"/sitemap-earthquakes.xml should skip features missing properties.detail","duration":11.298107999999957,"failureMessages":[],"meta":{}},{"ancestorTitles":["Earthquake Sitemap Handler"],"fullName":"Earthquake Sitemap Handler /sitemap-earthquakes.xml should skip features with missing or invalid properties.updated","status":"passed","title":"/sitemap-earthquakes.xml should skip features with missing or invalid properties.updated","duration":7.0453939999999875,"failureMessages":[],"meta":{}},{"ancestorTitles":["Earthquake Sitemap Handler"],"fullName":"Earthquake Sitemap Handler /sitemap-earthquakes.xml should use env.USGS_API_URL if provided","status":"passed","title":"/sitemap-earthquakes.xml should use env.USGS_API_URL if provided","duration":39.171342000000095,"failureMessages":[],"meta":{}}],"startTime":1750482785640,"endTime":1750482785817.1714,"status":"passed","message":"","name":"/app/functions/sitemaps.earthquakes.test.js"},{"assertionResults":[{"ancestorTitles":["Sitemap Index and Static Pages Handlers"],"fullName":"Sitemap Index and Static Pages Handlers /sitemap-index.xml should return XML sitemap index","status":"passed","title":"/sitemap-index.xml should return XML sitemap index","duration":6.591562999999951,"failureMessages":[],"meta":{}},{"ancestorTitles":["Sitemap Index and Static Pages Handlers"],"fullName":"Sitemap Index and Static Pages Handlers /sitemap-static-pages.xml should return XML for static pages","status":"passed","title":"/sitemap-static-pages.xml should return XML for static pages","duration":1.8402150000001711,"failureMessages":[],"meta":{}}],"startTime":1750482798641,"endTime":1750482798649.8403,"status":"passed","message":"","name":"/app/functions/sitemaps.index_static.test.js"},{"assertionResults":[{"ancestorTitles":["/api/usgs-proxy"],"fullName":"/api/usgs-proxy should return 400 if apiUrl is missing","status":"passed","title":"should return 400 if apiUrl is missing","duration":6.458281999999826,"failureMessages":[],"meta":{}},{"ancestorTitles":["/api/usgs-proxy"],"fullName":"/api/usgs-proxy should proxy to apiUrl, cache miss, and cache the response","status":"passed","title":"should proxy to apiUrl, cache miss, and cache the response","duration":68.74082500000009,"failureMessages":[],"meta":{}},{"ancestorTitles":["/api/usgs-proxy"],"fullName":"/api/usgs-proxy should proxy to apiUrl, call D1 upsert for multiple features, cache response","status":"passed","title":"should proxy to apiUrl, call D1 upsert for multiple features, cache response","duration":16.661002999999937,"failureMessages":[],"meta":{}},{"ancestorTitles":["/api/usgs-proxy"],"fullName":"/api/usgs-proxy should return cached response on cache hit","status":"passed","title":"should return cached response on cache hit","duration":1.7271029999999428,"failureMessages":[],"meta":{}},{"ancestorTitles":["/api/usgs-proxy"],"fullName":"/api/usgs-proxy should handle fetch error during proxying","status":"passed","title":"should handle fetch error during proxying","duration":22.604696999999987,"failureMessages":[],"meta":{}},{"ancestorTitles":["/api/usgs-proxy"],"fullName":"/api/usgs-proxy should handle non-JSON response from upstream API","status":"passed","title":"should handle non-JSON response from upstream API","duration":25.630128999999897,"failureMessages":[],"meta":{}},{"ancestorTitles":["/api/usgs-proxy"],"fullName":"/api/usgs-proxy should use default cache duration if WORKER_CACHE_DURATION_SECONDS is invalid","status":"passed","title":"should use default cache duration if WORKER_CACHE_DURATION_SECONDS is invalid","duration":55.627721000000065,"failureMessages":[],"meta":{}},{"ancestorTitles":["/api/usgs-proxy"],"fullName":"/api/usgs-proxy should handle cache.put failure gracefully","status":"passed","title":"should handle cache.put failure gracefully","duration":15.936580000000049,"failureMessages":[],"meta":{}}],"startTime":1750482780280,"endTime":1750482780493.9365,"status":"passed","message":"","name":"/app/functions/usgs-proxy.integration.test.js"},{"assertionResults":[{"ancestorTitles":["onRequest in calculate-clusters.js","Input Validation"],"fullName":"onRequest in calculate-clusters.js Input Validation should return 400 if earthquakes is not an array","status":"passed","title":"should return 400 if earthquakes is not an array","duration":5.376410000000078,"failureMessages":[],"meta":{}},{"ancestorTitles":["onRequest in calculate-clusters.js","Input Validation"],"fullName":"onRequest in calculate-clusters.js Input Validation should return 400 if earthquakes array is initially empty","status":"passed","title":"should return 400 if earthquakes array is initially empty","duration":1.2729739999999765,"failureMessages":[],"meta":{}},{"ancestorTitles":["onRequest in calculate-clusters.js","Input Validation"],"fullName":"onRequest in calculate-clusters.js Input Validation should return 400 if maxDistanceKm is invalid","status":"passed","title":"should return 400 if maxDistanceKm is invalid","duration":0.9370539999999892,"failureMessages":[],"meta":{}},{"ancestorTitles":["onRequest in calculate-clusters.js","Input Validation"],"fullName":"onRequest in calculate-clusters.js Input Validation should return 400 if minQuakes is invalid","status":"passed","title":"should return 400 if minQuakes is invalid","duration":0.8607120000001487,"failureMessages":[],"meta":{}},{"ancestorTitles":["onRequest in calculate-clusters.js","Input Validation"],"fullName":"onRequest in calculate-clusters.js Input Validation should return 400 for earthquake with missing id","status":"passed","title":"should return 400 for earthquake with missing id","duration":1.1261560000000372,"failureMessages":[],"meta":{}},{"ancestorTitles":["onRequest in calculate-clusters.js","DB Availability and Cache Operations"],"fullName":"onRequest in calculate-clusters.js DB Availability and Cache Operations should calculate clusters and return data if DB is not configured, with X-Cache-Info header","status":"passed","title":"should calculate clusters and return data if DB is not configured, with X-Cache-Info header","duration":2.9895879999999124,"failureMessages":[],"meta":{}},{"ancestorTitles":["onRequest in calculate-clusters.js","DB Availability and Cache Operations"],"fullName":"onRequest in calculate-clusters.js DB Availability and Cache Operations should return cached data if valid entry exists in D1","status":"passed","title":"should return cached data if valid entry exists in D1","duration":3.156881999999996,"failureMessages":[],"meta":{}},{"ancestorTitles":["onRequest in calculate-clusters.js","DB Availability and Cache Operations"],"fullName":"onRequest in calculate-clusters.js DB Availability and Cache Operations should calculate, store, and return data if cache miss (D1 returns null)","status":"passed","title":"should calculate, store, and return data if cache miss (D1 returns null)","duration":3.8062660000000506,"failureMessages":[],"meta":{}},{"ancestorTitles":["onRequest in calculate-clusters.js","DB Availability and Cache Operations"],"fullName":"onRequest in calculate-clusters.js DB Availability and Cache Operations should calculate, store, and return data if cached data is invalid JSON","status":"passed","title":"should calculate, store, and return data if cached data is invalid JSON","duration":2.4667360000000826,"failureMessages":[],"meta":{}},{"ancestorTitles":["onRequest in calculate-clusters.js","DB Availability and Cache Operations"],"fullName":"onRequest in calculate-clusters.js DB Availability and Cache Operations should calculate and return data if D1 GET (first()) throws an error, and still attempt PUT","status":"passed","title":"should calculate and return data if D1 GET (first()) throws an error, and still attempt PUT","duration":2.5891969999997855,"failureMessages":[],"meta":{}},{"ancestorTitles":["onRequest in calculate-clusters.js","DB Availability and Cache Operations"],"fullName":"onRequest in calculate-clusters.js DB Availability and Cache Operations should calculate and return data if D1 PUT (run()) throws an error","status":"passed","title":"should calculate and return data if D1 PUT (run()) throws an error","duration":1.966314999999895,"failureMessages":[],"meta":{}},{"ancestorTitles":["onRequest in calculate-clusters.js","Cluster Definition Storage (waitUntil)"],"fullName":"onRequest in calculate-clusters.js Cluster Definition Storage (waitUntil) should call waitUntil and storeClusterDefinition for significant clusters on cache miss","status":"passed","title":"should call waitUntil and storeClusterDefinition for significant clusters on cache miss","duration":5.395070999999916,"failureMessages":[],"meta":{}},{"ancestorTitles":["onRequest in calculate-clusters.js","Cluster Definition Storage (waitUntil)"],"fullName":"onRequest in calculate-clusters.js Cluster Definition Storage (waitUntil) should call waitUntil but NOT storeClusterDefinition for non-significant clusters (too few quakes) on cache miss","status":"passed","title":"should call waitUntil but NOT storeClusterDefinition for non-significant clusters (too few quakes) on cache miss","duration":1.3382919999999103,"failureMessages":[],"meta":{}},{"ancestorTitles":["onRequest in calculate-clusters.js","Cluster Definition Storage (waitUntil)"],"fullName":"onRequest in calculate-clusters.js Cluster Definition Storage (waitUntil) should call waitUntil but NOT storeClusterDefinition for non-significant clusters (low magnitude) on cache miss","status":"passed","title":"should call waitUntil but NOT storeClusterDefinition for non-significant clusters (low magnitude) on cache miss","duration":1.1352919999999358,"failureMessages":[],"meta":{}},{"ancestorTitles":["onRequest in calculate-clusters.js","Cluster Definition Storage (waitUntil)"],"fullName":"onRequest in calculate-clusters.js Cluster Definition Storage (waitUntil) should NOT call waitUntil or storeClusterDefinition on cache hit","status":"passed","title":"should NOT call waitUntil or storeClusterDefinition on cache hit","duration":0.8315020000000004,"failureMessages":[],"meta":{}},{"ancestorTitles":["onRequest in calculate-clusters.js","Cluster Definition Storage (waitUntil)"],"fullName":"onRequest in calculate-clusters.js Cluster Definition Storage (waitUntil) should NOT call waitUntil or storeClusterDefinition if DB is not configured","status":"passed","title":"should NOT call waitUntil or storeClusterDefinition if DB is not configured","duration":1.0724689999999555,"failureMessages":[],"meta":{}},{"ancestorTitles":["onRequest in calculate-clusters.js","General Error Handling"],"fullName":"onRequest in calculate-clusters.js General Error Handling should handle syntax error in request JSON","status":"passed","title":"should handle syntax error in request JSON","duration":1.1409879999998793,"failureMessages":[],"meta":{}},{"ancestorTitles":["onRequest in calculate-clusters.js","General Error Handling"],"fullName":"onRequest in calculate-clusters.js General Error Handling should handle generic error during processing (e.g. in findActiveClusters due to unexpected data shape not caught by validation)","status":"passed","title":"should handle generic error during processing (e.g. in findActiveClusters due to unexpected data shape not caught by validation)","duration":4.2653969999998935,"failureMessages":[],"meta":{}}],"startTime":1750482764792,"endTime":1750482764835.2654,"status":"passed","message":"","name":"/app/functions/api/calculate-clusters.endpoint.test.js"},{"assertionResults":[{"ancestorTitles":["findActiveClusters (internal)"],"fullName":"findActiveClusters (internal) should return an empty array if no earthquakes are provided","status":"passed","title":"should return an empty array if no earthquakes are provided","duration":8.150139000000081,"failureMessages":[],"meta":{}},{"ancestorTitles":["findActiveClusters (internal)"],"fullName":"findActiveClusters (internal) should return an empty array if no clusters meet minQuakes criteria","status":"passed","title":"should return an empty array if no clusters meet minQuakes criteria","duration":0.8766420000001744,"failureMessages":[],"meta":{}},{"ancestorTitles":["findActiveClusters (internal)"],"fullName":"findActiveClusters (internal) should form a single cluster if quakes are close enough and meet minQuakes","status":"passed","title":"should form a single cluster if quakes are close enough and meet minQuakes","duration":1.708221999999978,"failureMessages":[],"meta":{}},{"ancestorTitles":["findActiveClusters (internal)"],"fullName":"findActiveClusters (internal) should form multiple distinct clusters","status":"passed","title":"should form multiple distinct clusters","duration":1.1123339999999189,"failureMessages":[],"meta":{}},{"ancestorTitles":["findActiveClusters (internal)"],"fullName":"findActiveClusters (internal) should handle earthquakes being used in only one cluster (desc mag sort behavior)","status":"passed","title":"should handle earthquakes being used in only one cluster (desc mag sort behavior)","duration":0.732780000000048,"failureMessages":[],"meta":{}},{"ancestorTitles":["findActiveClusters (internal)"],"fullName":"findActiveClusters (internal) should not add quakes to a cluster if distance is greater than maxDistanceKm","status":"passed","title":"should not add quakes to a cluster if distance is greater than maxDistanceKm","duration":0.6639289999998255,"failureMessages":[],"meta":{}},{"ancestorTitles":["findActiveClusters (internal)"],"fullName":"findActiveClusters (internal) should handle null or undefined quake objects gracefully (skips them, no warning in this version)","status":"passed","title":"should handle null or undefined quake objects gracefully (skips them, no warning in this version)","duration":1.5656259999998383,"failureMessages":[],"meta":{}},{"ancestorTitles":["findActiveClusters (internal)"],"fullName":"findActiveClusters (internal) should handle quakes missing the id property (logs warning and skips)","status":"passed","title":"should handle quakes missing the id property (logs warning and skips)","duration":1.2456230000000232,"failureMessages":[],"meta":{}},{"ancestorTitles":["findActiveClusters (internal)"],"fullName":"findActiveClusters (internal) should handle quakes missing the geometry property (logs invalid coords)","status":"passed","title":"should handle quakes missing the geometry property (logs invalid coords)","duration":0.9574979999999869,"failureMessages":[],"meta":{}},{"ancestorTitles":["findActiveClusters (internal)"],"fullName":"findActiveClusters (internal) should handle quakes with invalid geometry.coordinates (not an array)","status":"passed","title":"should handle quakes with invalid geometry.coordinates (not an array)","duration":0.7884030000000166,"failureMessages":[],"meta":{}},{"ancestorTitles":["findActiveClusters (internal)"],"fullName":"findActiveClusters (internal) should handle quakes with invalid geometry.coordinates (less than 2 elements)","status":"passed","title":"should handle quakes with invalid geometry.coordinates (less than 2 elements)","duration":0.6860750000000735,"failureMessages":[],"meta":{}},{"ancestorTitles":["findActiveClusters (internal)"],"fullName":"findActiveClusters (internal) should correctly process valid quakes mixed with various invalid ones","status":"passed","title":"should correctly process valid quakes mixed with various invalid ones","duration":2.9386299999998755,"failureMessages":[],"meta":{}}],"startTime":1750482775837,"endTime":1750482775858.9387,"status":"passed","message":"","name":"/app/functions/api/calculate-clusters.logic.test.js"},{"assertionResults":[{"ancestorTitles":["Cluster Definition API (/api/cluster-definition)","POST requests"],"fullName":"Cluster Definition API (/api/cluster-definition) POST requests should store valid cluster definition and return 201","status":"passed","title":"should store valid cluster definition and return 201","duration":9.037597000000005,"failureMessages":[],"meta":{}},{"ancestorTitles":["Cluster Definition API (/api/cluster-definition)","POST requests"],"fullName":"Cluster Definition API (/api/cluster-definition) POST requests should return 400 for invalid JSON payload","status":"passed","title":"should return 400 for invalid JSON payload","duration":1.2932869999999639,"failureMessages":[],"meta":{}},{"ancestorTitles":["Cluster Definition API (/api/cluster-definition)","POST requests"],"fullName":"Cluster Definition API (/api/cluster-definition) POST requests should return 400 if clusterId is missing","status":"passed","title":"should return 400 if clusterId is missing","duration":1.1052690000001348,"failureMessages":[],"meta":{}},{"ancestorTitles":["Cluster Definition API (/api/cluster-definition)","POST requests"],"fullName":"Cluster Definition API (/api/cluster-definition) POST requests should return 400 if earthquakeIds is not an array","status":"passed","title":"should return 400 if earthquakeIds is not an array","duration":0.7525950000001558,"failureMessages":[],"meta":{}},{"ancestorTitles":["Cluster Definition API (/api/cluster-definition)","POST requests"],"fullName":"Cluster Definition API (/api/cluster-definition) POST requests should return 400 if id is not a string","status":"passed","title":"should return 400 if id is not a string","duration":1.2738120000001345,"failureMessages":[],"meta":{}},{"ancestorTitles":["Cluster Definition API (/api/cluster-definition)","POST requests"],"fullName":"Cluster Definition API (/api/cluster-definition) POST requests should return 500 if D1 run fails (simulating storeClusterDefinition failure)","status":"passed","title":"should return 500 if D1 run fails (simulating storeClusterDefinition failure)","duration":2.670557999999801,"failureMessages":[],"meta":{}},{"ancestorTitles":["Cluster Definition API (/api/cluster-definition)","GET requests"],"fullName":"Cluster Definition API (/api/cluster-definition) GET requests should retrieve and return cluster definition from D1 if found","status":"passed","title":"should retrieve and return cluster definition from D1 if found","duration":2.1378879999999754,"failureMessages":[],"meta":{}},{"ancestorTitles":["Cluster Definition API (/api/cluster-definition)","GET requests"],"fullName":"Cluster Definition API (/api/cluster-definition) GET requests should return 400 if id query parameter is missing","status":"passed","title":"should return 400 if id query parameter is missing","duration":0.5214660000001459,"failureMessages":[],"meta":{}},{"ancestorTitles":["Cluster Definition API (/api/cluster-definition)","GET requests"],"fullName":"Cluster Definition API (/api/cluster-definition) GET requests should return 404 if cluster definition is not found","status":"passed","title":"should return 404 if cluster definition is not found","duration":1.3283000000001266,"failureMessages":[],"meta":{}},{"ancestorTitles":["Cluster Definition API (/api/cluster-definition)","GET requests"],"fullName":"Cluster Definition API (/api/cluster-definition) GET requests should return 500 if D1 select fails","status":"passed","title":"should return 500 if D1 select fails","duration":6.386253999999781,"failureMessages":[],"meta":{}},{"ancestorTitles":["Cluster Definition API (/api/cluster-definition)","Other HTTP methods"],"fullName":"Cluster Definition API (/api/cluster-definition) Other HTTP methods should return 405 for PUT request","status":"passed","title":"should return 405 for PUT request","duration":0.7916770000001634,"failureMessages":[],"meta":{}},{"ancestorTitles":["Cluster Definition API (/api/cluster-definition)","Other HTTP methods"],"fullName":"Cluster Definition API (/api/cluster-definition) Other HTTP methods should return 405 for DELETE request","status":"passed","title":"should return 405 for DELETE request","duration":0.41154099999994287,"failureMessages":[],"meta":{}}],"startTime":1750482777253,"endTime":1750482777281.7917,"status":"passed","message":"","name":"/app/functions/api/cluster-definition.test.js"},{"assertionResults":[{"ancestorTitles":["API Endpoint: /api/get-earthquakes","Successful Data Retrieval"],"fullName":"API Endpoint: /api/get-earthquakes Successful Data Retrieval should return 200 with daily data for timeWindow=day","status":"passed","title":"should return 200 with daily data for timeWindow=day","duration":10.89042100000006,"failureMessages":[],"meta":{}},{"ancestorTitles":["API Endpoint: /api/get-earthquakes","Successful Data Retrieval"],"fullName":"API Endpoint: /api/get-earthquakes Successful Data Retrieval should return 200 with weekly data for timeWindow=week","status":"passed","title":"should return 200 with weekly data for timeWindow=week","duration":4.209265000000187,"failureMessages":[],"meta":{}},{"ancestorTitles":["API Endpoint: /api/get-earthquakes","Successful Data Retrieval"],"fullName":"API Endpoint: /api/get-earthquakes Successful Data Retrieval should return 200 with monthly data for timeWindow=month","status":"passed","title":"should return 200 with monthly data for timeWindow=month","duration":1.7541510000000926,"failureMessages":[],"meta":{}},{"ancestorTitles":["API Endpoint: /api/get-earthquakes","Successful Data Retrieval"],"fullName":"API Endpoint: /api/get-earthquakes Successful Data Retrieval should default to timeWindow=day if not specified","status":"passed","title":"should default to timeWindow=day if not specified","duration":1.0802020000000994,"failureMessages":[],"meta":{}},{"ancestorTitles":["API Endpoint: /api/get-earthquakes","Invalid timeWindow Parameter"],"fullName":"API Endpoint: /api/get-earthquakes Invalid timeWindow Parameter should return 400 for an invalid timeWindow value","status":"passed","title":"should return 400 for an invalid timeWindow value","duration":1.3180889999998726,"failureMessages":[],"meta":{}},{"ancestorTitles":["API Endpoint: /api/get-earthquakes","Unavailable D1 Database"],"fullName":"API Endpoint: /api/get-earthquakes Unavailable D1 Database should return 500 if env.DB is not available","status":"passed","title":"should return 500 if env.DB is not available","duration":1.035238000000163,"failureMessages":[],"meta":{}},{"ancestorTitles":["API Endpoint: /api/get-earthquakes","D1 Query Execution Failure"],"fullName":"API Endpoint: /api/get-earthquakes D1 Query Execution Failure should return 500 if db.prepare() fails","status":"passed","title":"should return 500 if db.prepare() fails","duration":1.4112320000001546,"failureMessages":[],"meta":{}},{"ancestorTitles":["API Endpoint: /api/get-earthquakes","D1 Query Execution Failure"],"fullName":"API Endpoint: /api/get-earthquakes D1 Query Execution Failure should return 500 if stmt.all() throws an error","status":"passed","title":"should return 500 if stmt.all() throws an error","duration":1.2349950000000263,"failureMessages":[],"meta":{}},{"ancestorTitles":["API Endpoint: /api/get-earthquakes","D1 Query Execution Failure"],"fullName":"API Endpoint: /api/get-earthquakes D1 Query Execution Failure should return 500 if stmt.all() returns a structure without results","status":"passed","title":"should return 500 if stmt.all() returns a structure without results","duration":2.0205100000000584,"failureMessages":[],"meta":{}},{"ancestorTitles":["API Endpoint: /api/get-earthquakes","Empty Data from D1"],"fullName":"API Endpoint: /api/get-earthquakes Empty Data from D1 should return 200 with an empty array if D1 returns no results","status":"passed","title":"should return 200 with an empty array if D1 returns no results","duration":1.574527999999873,"failureMessages":[],"meta":{}},{"ancestorTitles":["API Endpoint: /api/get-earthquakes","Malformed geojson_feature in D1"],"fullName":"API Endpoint: /api/get-earthquakes Malformed geojson_feature in D1 should return 200 and filter out malformed features, logging an error","status":"passed","title":"should return 200 and filter out malformed features, logging an error","duration":1.3617719999999736,"failureMessages":[],"meta":{}}],"startTime":1750482780037,"endTime":1750482780066.3618,"status":"passed","message":"","name":"/app/functions/api/get-earthquakes.test.js"},{"assertionResults":[{"ancestorTitles":["handleUsgsProxy"],"fullName":"handleUsgsProxy should return 400 if apiUrl is missing","status":"passed","title":"should return 400 if apiUrl is missing","duration":5.954341999999997,"failureMessages":[],"meta":{}},{"ancestorTitles":["handleUsgsProxy"],"fullName":"handleUsgsProxy should proxy successfully with cache miss, cache the response, and call D1 if configured","status":"passed","title":"should proxy successfully with cache miss, cache the response, and call D1 if configured","duration":46.488427,"failureMessages":[],"meta":{}},{"ancestorTitles":["handleUsgsProxy"],"fullName":"handleUsgsProxy should return cached response on cache hit","status":"passed","title":"should return cached response on cache hit","duration":1.8552510000001803,"failureMessages":[],"meta":{}},{"ancestorTitles":["handleUsgsProxy"],"fullName":"handleUsgsProxy should use default cache duration if env var is not set","status":"passed","title":"should use default cache duration if env var is not set","duration":14.82716900000014,"failureMessages":[],"meta":{}},{"ancestorTitles":["handleUsgsProxy"],"fullName":"handleUsgsProxy should use cache duration from valid env var","status":"passed","title":"should use cache duration from valid env var","duration":12.636029000000008,"failureMessages":[],"meta":{}},{"ancestorTitles":["handleUsgsProxy"],"fullName":"handleUsgsProxy should use default cache duration and log warning if env var is \"invalid-value\"","status":"passed","title":"should use default cache duration and log warning if env var is \"invalid-value\"","duration":7.675111999999899,"failureMessages":[],"meta":{}},{"ancestorTitles":["handleUsgsProxy"],"fullName":"handleUsgsProxy should use default cache duration and log warning if env var is \"0\"","status":"passed","title":"should use default cache duration and log warning if env var is \"0\"","duration":7.356215999999904,"failureMessages":[],"meta":{}},{"ancestorTitles":["handleUsgsProxy"],"fullName":"handleUsgsProxy should handle upstream API error (500)","status":"passed","title":"should handle upstream API error (500)","duration":9.335907000000134,"failureMessages":[],"meta":{}},{"ancestorTitles":["handleUsgsProxy"],"fullName":"handleUsgsProxy should handle network error when fetching from upstream","status":"passed","title":"should handle network error when fetching from upstream","duration":17.702317999999877,"failureMessages":[],"meta":{}},{"ancestorTitles":["handleUsgsProxy","D1 Interaction Tests"],"fullName":"handleUsgsProxy D1 Interaction Tests should call D1 upsert when DB is configured and features are present","status":"passed","title":"should call D1 upsert when DB is configured and features are present","duration":11.727439000000004,"failureMessages":[],"meta":{}},{"ancestorTitles":["handleUsgsProxy","D1 Interaction Tests"],"fullName":"handleUsgsProxy D1 Interaction Tests should NOT call D1 upsert when DB is not configured","status":"passed","title":"should NOT call D1 upsert when DB is not configured","duration":13.467720999999983,"failureMessages":[],"meta":{}},{"ancestorTitles":["handleUsgsProxy","D1 Interaction Tests"],"fullName":"handleUsgsProxy D1 Interaction Tests should NOT call D1 upsert when features are missing or empty","status":"passed","title":"should NOT call D1 upsert when features are missing or empty","duration":5.648095000000012,"failureMessages":[],"meta":{}},{"ancestorTitles":["handleUsgsProxy","D1 Interaction Tests"],"fullName":"handleUsgsProxy D1 Interaction Tests should handle D1 error gracefully and log it","status":"passed","title":"should handle D1 error gracefully and log it","duration":8.75965199999996,"failureMessages":[],"meta":{}},{"ancestorTitles":["handleUsgsProxy"],"fullName":"handleUsgsProxy should handle cache.put failure gracefully and log it","status":"passed","title":"should handle cache.put failure gracefully and log it","duration":9.497184999999945,"failureMessages":[],"meta":{}},{"ancestorTitles":["handleUsgsProxy"],"fullName":"handleUsgsProxy should return 500 and log if upstream responds 200 OK with non-JSON content","status":"passed","title":"should return 500 and log if upstream responds 200 OK with non-JSON content","duration":12.531982999999855,"failureMessages":[],"meta":{}},{"ancestorTitles":["handleUsgsProxy KV Logic"],"fullName":"handleUsgsProxy KV Logic Scenario: Initial Run (Empty KV) - upserts all API features to D1, updates KV","status":"passed","title":"Scenario: Initial Run (Empty KV) - upserts all API features to D1, updates KV","duration":4.578026000000136,"failureMessages":[],"meta":{}},{"ancestorTitles":["handleUsgsProxy KV Logic"],"fullName":"handleUsgsProxy KV Logic Scenario: No Change in Data - D1 and KV not updated","status":"passed","title":"Scenario: No Change in Data - D1 and KV not updated","duration":3.1382720000001427,"failureMessages":[],"meta":{}},{"ancestorTitles":["handleUsgsProxy KV Logic"],"fullName":"handleUsgsProxy KV Logic Scenario: New Earthquake - only new feature to D1, KV updated with full set","status":"passed","title":"Scenario: New Earthquake - only new feature to D1, KV updated with full set","duration":7.557375999999977,"failureMessages":[],"meta":{}},{"ancestorTitles":["handleUsgsProxy KV Logic"],"fullName":"handleUsgsProxy KV Logic Scenario: Updated Earthquake - only updated feature to D1, KV updated with full set","status":"passed","title":"Scenario: Updated Earthquake - only updated feature to D1, KV updated with full set","duration":3.479007000000138,"failureMessages":[],"meta":{}},{"ancestorTitles":["handleUsgsProxy KV Logic"],"fullName":"handleUsgsProxy KV Logic Scenario: Earthquake Removed from API - D1 not called for removed, KV updated with current API (removed one gone)","status":"passed","title":"Scenario: Earthquake Removed from API - D1 not called for removed, KV updated with current API (removed one gone)","duration":3.0295970000001944,"failureMessages":[],"meta":{}},{"ancestorTitles":["handleUsgsProxy KV Logic"],"fullName":"handleUsgsProxy KV Logic Scenario: KV Binding Not Present - fallback to upserting all to D1, no KV set","status":"passed","title":"Scenario: KV Binding Not Present - fallback to upserting all to D1, no KV set","duration":3.1195820000000367,"failureMessages":[],"meta":{}},{"ancestorTitles":["handleUsgsProxy KV Logic"],"fullName":"handleUsgsProxy KV Logic Scenario: getFeaturesFromKV returns error (simulated by null) - fallback to upserting all to D1, no KV set initially","status":"passed","title":"Scenario: getFeaturesFromKV returns error (simulated by null) - fallback to upserting all to D1, no KV set initially","duration":2.782848000000058,"failureMessages":[],"meta":{}},{"ancestorTitles":["handleUsgsProxy KV Logic"],"fullName":"handleUsgsProxy KV Logic Scenario: D1 Upsert Fails - KV should not be updated","status":"passed","title":"Scenario: D1 Upsert Fails - KV should not be updated","duration":3.0187180000000353,"failureMessages":[],"meta":{}},{"ancestorTitles":["handleUsgsProxy KV Logic"],"fullName":"handleUsgsProxy KV Logic Scenario: D1 Upsert Reports No Successes (e.g. 0 rows affected but no error) - KV should not be updated","status":"passed","title":"Scenario: D1 Upsert Reports No Successes (e.g. 0 rows affected but no error) - KV should not be updated","duration":3.8903049999998984,"failureMessages":[],"meta":{}}],"startTime":1750482764783,"endTime":1750482765004.8904,"status":"passed","message":"","name":"/app/functions/api/usgs-proxy.test.js"},{"assertionResults":[{"ancestorTitles":["isCrawler"],"fullName":"isCrawler should return true for crawler: Googlebot/2.1 (+http://www.google.com/bot.html)","status":"passed","title":"should return true for crawler: Googlebot/2.1 (+http://www.google.com/bot.html)","duration":2.2002830000001268,"failureMessages":[],"meta":{}},{"ancestorTitles":["isCrawler"],"fullName":"isCrawler should return true for crawler: Mozilla/5.0 (compatible; Googlebot/2.1; +http://www.google.com/bot.html)","status":"passed","title":"should return true for crawler: Mozilla/5.0 (compatible; Googlebot/2.1; +http://www.google.com/bot.html)","duration":0.6184279999999944,"failureMessages":[],"meta":{}},{"ancestorTitles":["isCrawler"],"fullName":"isCrawler should return true for crawler: Mozilla/5.0 (compatible; bingbot/2.0; +http://www.bing.com/bingbot.htm)","status":"passed","title":"should return true for crawler: Mozilla/5.0 (compatible; bingbot/2.0; +http://www.bing.com/bingbot.htm)","duration":0.2834609999999884,"failureMessages":[],"meta":{}},{"ancestorTitles":["isCrawler"],"fullName":"isCrawler should return true for crawler: DuckDuckBot/1.0; (+http://duckduckgo.com/duckduckbot.html)","status":"passed","title":"should return true for crawler: DuckDuckBot/1.0; (+http://duckduckgo.com/duckduckbot.html)","duration":0.28045399999996334,"failureMessages":[],"meta":{}},{"ancestorTitles":["isCrawler"],"fullName":"isCrawler should return true for crawler: Baiduspider+(+http://www.baidu.com/search/spider.htm)","status":"passed","title":"should return true for crawler: Baiduspider+(+http://www.baidu.com/search/spider.htm)","duration":0.15740200000004734,"failureMessages":[],"meta":{}},{"ancestorTitles":["isCrawler"],"fullName":"isCrawler should return true for crawler: Mozilla/5.0 (compatible; YandexBot/3.0; +http://yandex.com/bots)","status":"passed","title":"should return true for crawler: Mozilla/5.0 (compatible; YandexBot/3.0; +http://yandex.com/bots)","duration":0.24273599999992257,"failureMessages":[],"meta":{}},{"ancestorTitles":["isCrawler"],"fullName":"isCrawler should return true for crawler: Sogou web spider/4.0(+http://www.sogou.com/docs/help/webmasters.htm#07)","status":"passed","title":"should return true for crawler: Sogou web spider/4.0(+http://www.sogou.com/docs/help/webmasters.htm#07)","duration":0.2836929999998574,"failureMessages":[],"meta":{}},{"ancestorTitles":["isCrawler"],"fullName":"isCrawler should return true for crawler: facebookexternalhit/1.1 (+http://www.facebook.com/externalhit_uatext.php)","status":"passed","title":"should return true for crawler: facebookexternalhit/1.1 (+http://www.facebook.com/externalhit_uatext.php)","duration":0.11495000000013533,"failureMessages":[],"meta":{}},{"ancestorTitles":["isCrawler"],"fullName":"isCrawler should return true for crawler: Mozilla/5.0 (compatible; Exabot/3.0; +http://www.exabot.com/go/robot)","status":"passed","title":"should return true for crawler: Mozilla/5.0 (compatible; Exabot/3.0; +http://www.exabot.com/go/robot)","duration":0.5904729999999745,"failureMessages":[],"meta":{}},{"ancestorTitles":["isCrawler"],"fullName":"isCrawler should return true for crawler: msnbot/1.0 (Slurp/cat; http://search.msn.com/msnbot.htm)","status":"passed","title":"should return true for crawler: msnbot/1.0 (Slurp/cat; http://search.msn.com/msnbot.htm)","duration":0.22328199999992648,"failureMessages":[],"meta":{}},{"ancestorTitles":["isCrawler"],"fullName":"isCrawler should return true for crawler: Facebot/1.0","status":"passed","title":"should return true for crawler: Facebot/1.0","duration":0.18457499999999527,"failureMessages":[],"meta":{}},{"ancestorTitles":["isCrawler"],"fullName":"isCrawler should return false for non-crawler: Mozilla/5.0 (Windows NT 10.0; Win64; x64) AppleWebKit/537.36 (KHTML, like Gecko) Chrome/91.0.4472.124 Safari/537.36","status":"passed","title":"should return false for non-crawler: Mozilla/5.0 (Windows NT 10.0; Win64; x64) AppleWebKit/537.36 (KHTML, like Gecko) Chrome/91.0.4472.124 Safari/537.36","duration":0.13672100000007958,"failureMessages":[],"meta":{}},{"ancestorTitles":["isCrawler"],"fullName":"isCrawler should return false for non-crawler: Mozilla/5.0 (Macintosh; Intel Mac OS X 10_15_7) AppleWebKit/605.1.15 (KHTML, like Gecko) Version/14.1.1 Safari/605.1.15","status":"passed","title":"should return false for non-crawler: Mozilla/5.0 (Macintosh; Intel Mac OS X 10_15_7) AppleWebKit/605.1.15 (KHTML, like Gecko) Version/14.1.1 Safari/605.1.15","duration":0.07621999999992113,"failureMessages":[],"meta":{}},{"ancestorTitles":["isCrawler"],"fullName":"isCrawler should return false for non-crawler: MyCustomUserAgent Robot/1.0","status":"passed","title":"should return false for non-crawler: MyCustomUserAgent Robot/1.0","duration":0.06937600000014754,"failureMessages":[],"meta":{}},{"ancestorTitles":["isCrawler"],"fullName":"isCrawler should return false for non-crawler: UserAgent with word \"crawler\" in description, not as bot name.","status":"passed","title":"should return false for non-crawler: UserAgent with word \"crawler\" in description, not as bot name.","duration":0.06758999999988191,"failureMessages":[],"meta":{}},{"ancestorTitles":["isCrawler"],"fullName":"isCrawler should return false for non-crawler: UserAgent with word \"spider\" in description.","status":"passed","title":"should return false for non-crawler: UserAgent with word \"spider\" in description.","duration":0.13861100000008264,"failureMessages":[],"meta":{}},{"ancestorTitles":["isCrawler"],"fullName":"isCrawler should return false for non-crawler: UserAgent with word \"bot\" in description part.","status":"passed","title":"should return false for non-crawler: UserAgent with word \"bot\" in description part.","duration":0.07558599999993021,"failureMessages":[],"meta":{}},{"ancestorTitles":["isCrawler"],"fullName":"isCrawler should return false for non-crawler: LinkedInBot/1.0 (compatible; Mozilla/5.0; Apache-HttpClient/4.1.1; +http://www.linkedin.com)","status":"passed","title":"should return false for non-crawler: LinkedInBot/1.0 (compatible; Mozilla/5.0; Apache-HttpClient/4.1.1; +http://www.linkedin.com)","duration":0.07809399999996458,"failureMessages":[],"meta":{}},{"ancestorTitles":["isCrawler"],"fullName":"isCrawler should return false for non-crawler: Twitterbot/1.0","status":"passed","title":"should return false for non-crawler: Twitterbot/1.0","duration":0.06488599999988764,"failureMessages":[],"meta":{}},{"ancestorTitles":["isCrawler"],"fullName":"isCrawler should return false for non-crawler: Slackbot-LinkExpanding 1.0 (+https://api.slack.com/robots)","status":"passed","title":"should return false for non-crawler: Slackbot-LinkExpanding 1.0 (+https://api.slack.com/robots)","duration":0.0747679999999491,"failureMessages":[],"meta":{}},{"ancestorTitles":["isCrawler"],"fullName":"isCrawler should return false for non-crawler: témoignage crawler en recherche de témoignages (https://temoignages.beta.gouv.fr)","status":"passed","title":"should return false for non-crawler: témoignage crawler en recherche de témoignages (https://temoignages.beta.gouv.fr)","duration":0.11703200000010838,"failureMessages":[],"meta":{}},{"ancestorTitles":["isCrawler"],"fullName":"isCrawler should return false for non-crawler: NetSystemsResearch MetaSpi // msrbot (http://netsystemsresearch.com/msrbot)","status":"passed","title":"should return false for non-crawler: NetSystemsResearch MetaSpi // msrbot (http://netsystemsresearch.com/msrbot)","duration":0.07362299999999777,"failureMessages":[],"meta":{}},{"ancestorTitles":["isCrawler"],"fullName":"isCrawler should return false for non-crawler: AnyGenericSpider/1.0","status":"passed","title":"should return false for non-crawler: AnyGenericSpider/1.0","duration":0.061434999999846696,"failureMessages":[],"meta":{}},{"ancestorTitles":["isCrawler"],"fullName":"isCrawler should return true for case-insensitive matches (e.g., googlebot)","status":"passed","title":"should return true for case-insensitive matches (e.g., googlebot)","duration":0.14022399999998925,"failureMessages":[],"meta":{}},{"ancestorTitles":["isCrawler"],"fullName":"isCrawler should return false if User-Agent header is missing","status":"passed","title":"should return false if User-Agent header is missing","duration":0.12226200000009158,"failureMessages":[],"meta":{}},{"ancestorTitles":["isCrawler"],"fullName":"isCrawler should return false for an empty User-Agent string","status":"passed","title":"should return false for an empty User-Agent string","duration":0.1986019999999371,"failureMessages":[],"meta":{}}],"startTime":1750482793034,"endTime":1750482793041.1985,"status":"passed","message":"","name":"/app/functions/utils/crawler-utils.test.js"},{"assertionResults":[{"ancestorTitles":["escapeXml"],"fullName":"escapeXml should return an empty string for non-string inputs","status":"passed","title":"should return an empty string for non-string inputs","duration":4.140188999999964,"failureMessages":[],"meta":{}},{"ancestorTitles":["escapeXml"],"fullName":"escapeXml should return an empty string for an empty string input","status":"passed","title":"should return an empty string for an empty string input","duration":0.5398059999999987,"failureMessages":[],"meta":{}},{"ancestorTitles":["escapeXml"],"fullName":"escapeXml should not change a string with no special XML characters","status":"passed","title":"should not change a string with no special XML characters","duration":0.38090600000009545,"failureMessages":[],"meta":{}},{"ancestorTitles":["escapeXml"],"fullName":"escapeXml should escape \"&\" to \"&amp;\"","status":"passed","title":"should escape \"&\" to \"&amp;\"","duration":0.3419179999998505,"failureMessages":[],"meta":{}},{"ancestorTitles":["escapeXml"],"fullName":"escapeXml should escape \"<\" to \"&lt;\"","status":"passed","title":"should escape \"<\" to \"&lt;\"","duration":0.21739400000001297,"failureMessages":[],"meta":{}},{"ancestorTitles":["escapeXml"],"fullName":"escapeXml should escape \">\" to \"&gt;\"","status":"passed","title":"should escape \">\" to \"&gt;\"","duration":0.22071699999992234,"failureMessages":[],"meta":{}},{"ancestorTitles":["escapeXml"],"fullName":"escapeXml should escape '\"' to \"&quot;\"","status":"passed","title":"should escape '\"' to \"&quot;\"","duration":0.21216400000002977,"failureMessages":[],"meta":{}},{"ancestorTitles":["escapeXml"],"fullName":"escapeXml should escape \"'\" to \"&apos;\"","status":"passed","title":"should escape \"'\" to \"&apos;\"","duration":0.17657299999996212,"failureMessages":[],"meta":{}},{"ancestorTitles":["escapeXml"],"fullName":"escapeXml should escape all special characters in a mixed string","status":"passed","title":"should escape all special characters in a mixed string","duration":0.42630099999996673,"failureMessages":[],"meta":{}},{"ancestorTitles":["escapeXml"],"fullName":"escapeXml should handle multiple occurrences of the same character","status":"passed","title":"should handle multiple occurrences of the same character","duration":0.2724800000000869,"failureMessages":[],"meta":{}},{"ancestorTitles":["escapeXml"],"fullName":"escapeXml should handle special characters at the beginning and end of the string","status":"passed","title":"should handle special characters at the beginning and end of the string","duration":0.1745260000000144,"failureMessages":[],"meta":{}}],"startTime":1750482801038,"endTime":1750482801045.2725,"status":"passed","message":"","name":"/app/functions/utils/xml-utils.test.js"},{"assertionResults":[{"ancestorTitles":["ActiveRegionDisplay"],"fullName":"ActiveRegionDisplay renders loading state","status":"passed","title":"renders loading state","duration":24.6524280000001,"failureMessages":[],"meta":{}},{"ancestorTitles":["ActiveRegionDisplay"],"fullName":"ActiveRegionDisplay renders list of active regions","status":"passed","title":"renders list of active regions","duration":12.060662999999977,"failureMessages":[],"meta":{}},{"ancestorTitles":["ActiveRegionDisplay"],"fullName":"ActiveRegionDisplay renders no significant activity message","status":"passed","title":"renders no significant activity message","duration":4.0273339999998825,"failureMessages":[],"meta":{}},{"ancestorTitles":["ActiveRegionDisplay"],"fullName":"ActiveRegionDisplay renders region name with color","status":"passed","title":"renders region name with color","duration":9.254263000000037,"failureMessages":[],"meta":{}},{"ancestorTitles":["ActiveRegionDisplay"],"fullName":"ActiveRegionDisplay renders region with default color if not found in REGIONS prop","status":"passed","title":"renders region with default color if not found in REGIONS prop","duration":10.130930999999919,"failureMessages":[],"meta":{}},{"ancestorTitles":["ActiveRegionDisplay"],"fullName":"ActiveRegionDisplay renders multiple regions correctly","status":"passed","title":"renders multiple regions correctly","duration":3.9071010000000115,"failureMessages":[],"meta":{}}],"startTime":1750482795922,"endTime":1750482795985.907,"status":"passed","message":"","name":"/app/src/components/ActiveRegionDisplay.test.jsx"},{"assertionResults":[{"ancestorTitles":["ActivityList"],"fullName":"ActivityList renders null if latestFeelableQuakesSnippet is null or empty","status":"passed","title":"renders null if latestFeelableQuakesSnippet is null or empty","duration":22.19480999999996,"failureMessages":[],"meta":{}},{"ancestorTitles":["ActivityList"],"fullName":"ActivityList renders list of activities","status":"passed","title":"renders list of activities","duration":21.241281000000072,"failureMessages":[],"meta":{}},{"ancestorTitles":["ActivityList"],"fullName":"ActivityList calls handleQuakeClick when an activity is clicked","status":"passed","title":"calls handleQuakeClick when an activity is clicked","duration":9.428701000000046,"failureMessages":[],"meta":{}},{"ancestorTitles":["ActivityList"],"fullName":"ActivityList calls navigate when \"View All Recent Activity\" button is clicked","status":"passed","title":"calls navigate when \"View All Recent Activity\" button is clicked","duration":5.121981000000005,"failureMessages":[],"meta":{}},{"ancestorTitles":["ActivityList"],"fullName":"ActivityList renders placeholder for place if not available","status":"passed","title":"renders placeholder for place if not available","duration":3.8213009999999485,"failureMessages":[],"meta":{}}],"startTime":1750482794417,"endTime":1750482794479.8213,"status":"passed","message":"","name":"/app/src/components/ActivityList.test.jsx"},{"assertionResults":[{"ancestorTitles":["AlertDisplay"],"fullName":"AlertDisplay renders null when no alert config and no tsunami warning","status":"passed","title":"renders null when no alert config and no tsunami warning","duration":20.80391499999996,"failureMessages":[],"meta":{}},{"ancestorTitles":["AlertDisplay"],"fullName":"AlertDisplay renders alert message when currentAlertConfig is provided","status":"passed","title":"renders alert message when currentAlertConfig is provided","duration":16.985729999999876,"failureMessages":[],"meta":{}},{"ancestorTitles":["AlertDisplay"],"fullName":"AlertDisplay renders tsunami warning message when hasRecentTsunamiWarning is true and no currentAlertConfig","status":"passed","title":"renders tsunami warning message when hasRecentTsunamiWarning is true and no currentAlertConfig","duration":7.304200000000037,"failureMessages":[],"meta":{}},{"ancestorTitles":["AlertDisplay"],"fullName":"AlertDisplay renders only alert message if both alertConfig and tsunami warning are present","status":"passed","title":"renders only alert message if both alertConfig and tsunami warning are present","duration":4.164608999999928,"failureMessages":[],"meta":{}},{"ancestorTitles":["AlertDisplay"],"fullName":"AlertDisplay uses default color class if alert level text does not match ALERT_LEVELS keys","status":"passed","title":"uses default color class if alert level text does not match ALERT_LEVELS keys","duration":9.632429000000002,"failureMessages":[],"meta":{}}],"startTime":1750482791650,"endTime":1750482791708.6323,"status":"passed","message":"","name":"/app/src/components/AlertDisplay.test.jsx"},{"assertionResults":[{"ancestorTitles":["ClusterDetailModal Accessibility"],"fullName":"ClusterDetailModal Accessibility should have no axe violations when displaying cluster data","status":"passed","title":"should have no axe violations when displaying cluster data","duration":234.57049799999982,"failureMessages":[],"meta":{}},{"ancestorTitles":["ClusterDetailModal Accessibility"],"fullName":"ClusterDetailModal Accessibility should return null and have no violations if cluster data is not provided","status":"passed","title":"should return null and have no violations if cluster data is not provided","duration":20.80703799999992,"failureMessages":[],"meta":{}},{"ancestorTitles":["ClusterDetailModal Quake Item Rendering"],"fullName":"ClusterDetailModal Quake Item Rendering should render magnitude and location on the same line with correct magnitude color","status":"passed","title":"should render magnitude and location on the same line with correct magnitude color","duration":18.418429999999944,"failureMessages":[],"meta":{}}],"startTime":1750482786854,"endTime":1750482787127.4185,"status":"passed","message":"","name":"/app/src/components/ClusterDetailModal.test.jsx"},{"assertionResults":[{"ancestorTitles":["ClusterDetailModalWrapper URL Slug Parsing"],"fullName":"ClusterDetailModalWrapper URL Slug Parsing should handle slug: \"15-quakes-near-southern-sumatra-indonesia-up-to-m5.8-us7000mfp9\" (Valid full slug)","status":"passed","title":"should handle slug: \"15-quakes-near-southern-sumatra-indonesia-up-to-m5.8-us7000mfp9\" (Valid full slug)","duration":63.13996599999996,"failureMessages":[],"meta":{}},{"ancestorTitles":["ClusterDetailModalWrapper URL Slug Parsing"],"fullName":"ClusterDetailModalWrapper URL Slug Parsing should handle slug: \"10-quakes-near-some-place-up-to-m5.0-\" (Invalid slug - empty ID at the end)","status":"passed","title":"should handle slug: \"10-quakes-near-some-place-up-to-m5.0-\" (Invalid slug - empty ID at the end)","duration":12.895019000000048,"failureMessages":[],"meta":{}},{"ancestorTitles":["ClusterDetailModalWrapper URL Slug Parsing"],"fullName":"ClusterDetailModalWrapper URL Slug Parsing should handle slug: \"null\" (Null slug (e.g. route not fully loaded))","status":"passed","title":"should handle slug: \"null\" (Null slug (e.g. route not fully loaded))","duration":14.648220000000038,"failureMessages":[],"meta":{}},{"ancestorTitles":["ClusterDetailModalWrapper URL Slug Parsing"],"fullName":"ClusterDetailModalWrapper URL Slug Parsing should handle slug: \"invalid-slug-format-usGSX1\" (Slug with only ID-like part after last hyphen (permissive regex))","status":"passed","title":"should handle slug: \"invalid-slug-format-usGSX1\" (Slug with only ID-like part after last hyphen (permissive regex))","duration":10.664428000000044,"failureMessages":[],"meta":{}}],"startTime":1750482787844,"endTime":1750482787945.6643,"status":"passed","message":"","name":"/app/src/components/ClusterDetailModalWrapper.parsing.test.jsx"},{"assertionResults":[{"ancestorTitles":["ClusterDetailModalWrapper","Prop Handling"],"fullName":"ClusterDetailModalWrapper Prop Handling should use cluster data from overviewClusters if found, matching by strongestQuakeId","status":"passed","title":"should use cluster data from overviewClusters if found, matching by strongestQuakeId","duration":130.316104,"failureMessages":[],"meta":{}},{"ancestorTitles":["ClusterDetailModalWrapper","Cluster Reconstruction with fetchActiveClusters (Old ID Format)"],"fullName":"ClusterDetailModalWrapper Cluster Reconstruction with fetchActiveClusters (Old ID Format) Scenario 1: fetchActiveClusters returns data successfully","status":"failed","title":"Scenario 1: fetchActiveClusters returns data successfully","duration":3049.1558030000006,"failureMessages":["Error: Unable to find an element with the text: Location: Recon Place. This could be because the text is broken up by multiple elements. In this case, you can provide a function for your text matcher to make your matcher more flexible.\n\nIgnored nodes: comments, script, style\n\u001b[36m<body>\u001b[39m\n  \u001b[36m<div>\u001b[39m\n    \u001b[36m<div\u001b[39m\n      \u001b[33mclass\u001b[39m=\u001b[32m\"fixed inset-0 bg-slate-900 bg-opacity-75 flex items-center justify-center z-[60] p-4\"\u001b[39m\n    \u001b[36m>\u001b[39m\n      \u001b[36m<div\u001b[39m\n        \u001b[33mclass\u001b[39m=\u001b[32m\"bg-slate-800 p-6 rounded-lg shadow-2xl text-slate-200 border border-slate-700 text-center\"\u001b[39m\n      \u001b[36m>\u001b[39m\n        \u001b[36m<svg\u001b[39m\n          \u001b[33maria-hidden\u001b[39m=\u001b[32m\"true\"\u001b[39m\n          \u001b[33mclass\u001b[39m=\u001b[32m\"animate-spin h-8 w-8 text-indigo-400 mx-auto mb-3\"\u001b[39m\n          \u001b[33mfill\u001b[39m=\u001b[32m\"none\"\u001b[39m\n          \u001b[33mviewBox\u001b[39m=\u001b[32m\"0 0 24 24\"\u001b[39m\n          \u001b[33mxmlns\u001b[39m=\u001b[32m\"http://www.w3.org/2000/svg\"\u001b[39m\n        \u001b[36m>\u001b[39m\n          \u001b[36m<circle\u001b[39m\n            \u001b[33mclass\u001b[39m=\u001b[32m\"opacity-25\"\u001b[39m\n            \u001b[33mcx\u001b[39m=\u001b[32m\"12\"\u001b[39m\n            \u001b[33mcy\u001b[39m=\u001b[32m\"12\"\u001b[39m\n            \u001b[33mr\u001b[39m=\u001b[32m\"10\"\u001b[39m\n            \u001b[33mstroke\u001b[39m=\u001b[32m\"currentColor\"\u001b[39m\n            \u001b[33mstroke-width\u001b[39m=\u001b[32m\"4\"\u001b[39m\n          \u001b[36m/>\u001b[39m\n          \u001b[36m<path\u001b[39m\n            \u001b[33mclass\u001b[39m=\u001b[32m\"opacity-75\"\u001b[39m\n            \u001b[33md\u001b[39m=\u001b[32m\"M4 12a8 8 0 018-8V0C5.373 0 0 5.373 0 12h4zm2 5.291A7.962 7.962 0 014 12H0c0 3.042 1.135 5.824 3 7.938l3-2.647z\"\u001b[39m\n            \u001b[33mfill\u001b[39m=\u001b[32m\"currentColor\"\u001b[39m\n          \u001b[36m/>\u001b[39m\n        \u001b[36m</svg>\u001b[39m\n        \u001b[36m<h2\u001b[39m\n          \u001b[33mclass\u001b[39m=\u001b[32m\"text-lg font-semibold text-indigo-300\"\u001b[39m\n        \u001b[36m>\u001b[39m\n          \u001b[0mLoading Cluster Details...\u001b[0m\n        \u001b[36m</h2>\u001b[39m\n        \u001b[36m<p\u001b[39m\n          \u001b[33mclass\u001b[39m=\u001b[32m\"text-sm text-slate-400\"\u001b[39m\n        \u001b[36m>\u001b[39m\n          \u001b[0mAttempting to reconstruct cluster data...\u001b[0m\n        \u001b[36m</p>\u001b[39m\n      \u001b[36m</div>\u001b[39m\n    \u001b[36m</div>\u001b[39m\n  \u001b[36m</div>\u001b[39m\n\u001b[36m</body>\u001b[39m\n    at waitForWrapper (/app/node_modules/@testing-library/dom/dist/wait-for.js:163:27)\n    at /app/node_modules/@testing-library/dom/dist/query-helpers.js:86:33\n    at /app/src/components/ClusterDetailModalWrapper.test.jsx:228:20\n    at file:///app/node_modules/@vitest/runner/dist/chunk-hooks.js:155:11\n    at file:///app/node_modules/@vitest/runner/dist/chunk-hooks.js:752:26\n    at file:///app/node_modules/@vitest/runner/dist/chunk-hooks.js:1897:20\n    at new Promise (<anonymous>)\n    at runWithTimeout (file:///app/node_modules/@vitest/runner/dist/chunk-hooks.js:1863:10)\n    at runTest (file:///app/node_modules/@vitest/runner/dist/chunk-hooks.js:1574:12)\n    at runSuite (file:///app/node_modules/@vitest/runner/dist/chunk-hooks.js:1729:8)"],"meta":{}},{"ancestorTitles":["ClusterDetailModalWrapper","Cluster Reconstruction with fetchActiveClusters (Old ID Format)"],"fullName":"ClusterDetailModalWrapper Cluster Reconstruction with fetchActiveClusters (Old ID Format) Scenario 2a: fetchActiveClusters (client-side) succeeds; D1 lookup (mocked to fail) should not be reached for old IDs","status":"failed","title":"Scenario 2a: fetchActiveClusters (client-side) succeeds; D1 lookup (mocked to fail) should not be reached for old IDs","duration":1013.5752929999999,"failureMessages":["Error: Unable to find an element with the text: Location: Recon Place. This could be because the text is broken up by multiple elements. In this case, you can provide a function for your text matcher to make your matcher more flexible.\n\nIgnored nodes: comments, script, style\n\u001b[36m<body>\u001b[39m\n  \u001b[36m<div>\u001b[39m\n    \u001b[36m<div\u001b[39m\n      \u001b[33mclass\u001b[39m=\u001b[32m\"fixed inset-0 bg-slate-900 bg-opacity-75 flex items-center justify-center z-[60] p-4\"\u001b[39m\n    \u001b[36m>\u001b[39m\n      \u001b[36m<div\u001b[39m\n        \u001b[33mclass\u001b[39m=\u001b[32m\"bg-slate-800 p-6 rounded-lg shadow-2xl text-slate-200 border border-slate-700 text-center\"\u001b[39m\n      \u001b[36m>\u001b[39m\n        \u001b[36m<svg\u001b[39m\n          \u001b[33maria-hidden\u001b[39m=\u001b[32m\"true\"\u001b[39m\n          \u001b[33mclass\u001b[39m=\u001b[32m\"animate-spin h-8 w-8 text-indigo-400 mx-auto mb-3\"\u001b[39m\n          \u001b[33mfill\u001b[39m=\u001b[32m\"none\"\u001b[39m\n          \u001b[33mviewBox\u001b[39m=\u001b[32m\"0 0 24 24\"\u001b[39m\n          \u001b[33mxmlns\u001b[39m=\u001b[32m\"http://www.w3.org/2000/svg\"\u001b[39m\n        \u001b[36m>\u001b[39m\n          \u001b[36m<circle\u001b[39m\n            \u001b[33mclass\u001b[39m=\u001b[32m\"opacity-25\"\u001b[39m\n            \u001b[33mcx\u001b[39m=\u001b[32m\"12\"\u001b[39m\n            \u001b[33mcy\u001b[39m=\u001b[32m\"12\"\u001b[39m\n            \u001b[33mr\u001b[39m=\u001b[32m\"10\"\u001b[39m\n            \u001b[33mstroke\u001b[39m=\u001b[32m\"currentColor\"\u001b[39m\n            \u001b[33mstroke-width\u001b[39m=\u001b[32m\"4\"\u001b[39m\n          \u001b[36m/>\u001b[39m\n          \u001b[36m<path\u001b[39m\n            \u001b[33mclass\u001b[39m=\u001b[32m\"opacity-75\"\u001b[39m\n            \u001b[33md\u001b[39m=\u001b[32m\"M4 12a8 8 0 018-8V0C5.373 0 0 5.373 0 12h4zm2 5.291A7.962 7.962 0 014 12H0c0 3.042 1.135 5.824 3 7.938l3-2.647z\"\u001b[39m\n            \u001b[33mfill\u001b[39m=\u001b[32m\"currentColor\"\u001b[39m\n          \u001b[36m/>\u001b[39m\n        \u001b[36m</svg>\u001b[39m\n        \u001b[36m<h2\u001b[39m\n          \u001b[33mclass\u001b[39m=\u001b[32m\"text-lg font-semibold text-indigo-300\"\u001b[39m\n        \u001b[36m>\u001b[39m\n          \u001b[0mLoading Cluster Details...\u001b[0m\n        \u001b[36m</h2>\u001b[39m\n        \u001b[36m<p\u001b[39m\n          \u001b[33mclass\u001b[39m=\u001b[32m\"text-sm text-slate-400\"\u001b[39m\n        \u001b[36m>\u001b[39m\n          \u001b[0mAttempting to reconstruct cluster data...\u001b[0m\n        \u001b[36m</p>\u001b[39m\n      \u001b[36m</div>\u001b[39m\n    \u001b[36m</div>\u001b[39m\n  \u001b[36m</div>\u001b[39m\n\u001b[36m</body>\u001b[39m\n    at waitForWrapper (/app/node_modules/@testing-library/dom/dist/wait-for.js:163:27)\n    at /app/node_modules/@testing-library/dom/dist/query-helpers.js:86:33\n    at /app/src/components/ClusterDetailModalWrapper.test.jsx:266:20\n    at file:///app/node_modules/@vitest/runner/dist/chunk-hooks.js:155:11\n    at file:///app/node_modules/@vitest/runner/dist/chunk-hooks.js:752:26\n    at file:///app/node_modules/@vitest/runner/dist/chunk-hooks.js:1897:20\n    at new Promise (<anonymous>)\n    at runWithTimeout (file:///app/node_modules/@vitest/runner/dist/chunk-hooks.js:1863:10)\n    at runTest (file:///app/node_modules/@vitest/runner/dist/chunk-hooks.js:1574:12)\n    at runSuite (file:///app/node_modules/@vitest/runner/dist/chunk-hooks.js:1729:8)"],"meta":{}},{"ancestorTitles":["ClusterDetailModalWrapper","Cluster Reconstruction with fetchActiveClusters (Old ID Format)"],"fullName":"ClusterDetailModalWrapper Cluster Reconstruction with fetchActiveClusters (Old ID Format) Scenario 2b: fetchActiveClusters (client-side) succeeds; D1 lookup (mocked to succeed) should not be reached for old IDs","status":"failed","title":"Scenario 2b: fetchActiveClusters (client-side) succeeds; D1 lookup (mocked to succeed) should not be reached for old IDs","duration":1009.2823939999989,"failureMessages":["Error: Unable to find an element with the text: Location: Recon Place. This could be because the text is broken up by multiple elements. In this case, you can provide a function for your text matcher to make your matcher more flexible.\n\nIgnored nodes: comments, script, 
[...]
"meta":{}},{"ancestorTitles":["EarthquakeDataContext: loadMonthlyData with D1 Fallback","D1 Fallback Logic for loadMonthlyData"],"fullName":"EarthquakeDataContext: loadMonthlyData with D1 Fallback D1 Fallback Logic for loadMonthlyData D1 Failure (500), USGS Success: should fall back to USGS","status":"passed","title":"D1 Failure (500), USGS Success: should fall back to USGS","duration":22.03978700000016,"failureMessages":[],"meta":{}},{"ancestorTitles":["EarthquakeDataContext: loadMonthlyData with D1 Fallback","D1 Fallback Logic for loadMonthlyData"],"fullName":"EarthquakeDataContext: loadMonthlyData with D1 Fallback D1 Fallback Logic for loadMonthlyData D1 Returns Invalid Header, USGS Success: should fall back to USGS","status":"passed","title":"D1 Returns Invalid Header, USGS Success: should fall back to USGS","duration":37.01969199999985,"failureMessages":[],"meta":{}},{"ancestorTitles":["EarthquakeDataContext: loadMonthlyData with D1 Fallback","D1 Fallback Logic for loadMonthlyData"],"fullName":"EarthquakeDataContext: loadMonthlyData with D1 Fallback D1 Fallback Logic for loadMonthlyData D1 Returns Invalid Feature Array, USGS Success: should fall back to USGS","status":"passed","title":"D1 Returns Invalid Feature Array, USGS Success: should fall back to USGS","duration":26.874428999999964,"failureMessages":[],"meta":{}},{"ancestorTitles":["EarthquakeDataContext: loadMonthlyData with D1 Fallback","D1 Fallback Logic for loadMonthlyData"],"fullName":"EarthquakeDataContext: loadMonthlyData with D1 Fallback D1 Fallback Logic for loadMonthlyData Both D1 and USGS Fail: should set monthlyError","status":"passed","title":"Both D1 and USGS Fail: should set monthlyError","duration":15.751680999999735,"failureMessages":[],"meta":{}},{"ancestorTitles":["EarthquakeDataContext: loadMonthlyData with D1 Fallback","Original USGS Path Tests (assuming D1 fails first for monthly load)"],"fullName":"EarthquakeDataContext: loadMonthlyData with D1 Fallback Original USGS Path Tests (assuming D1 fails first for monthly load) should fetch monthly data and dispatch MONTHLY_DATA_PROCESSED on success (USGS path)","status":"passed","title":"should fetch monthly data and dispatch MONTHLY_DATA_PROCESSED on success (USGS path)","duration":34.25206600000001,"failureMessages":[],"meta":{}},{"ancestorTitles":["EarthquakeDataContext: loadMonthlyData with D1 Fallback","Original USGS Path Tests (assuming D1 fails first for monthly load)"],"fullName":"EarthquakeDataContext: loadMonthlyData with D1 Fallback Original USGS Path Tests (assuming D1 fails first for monthly load) should set monthlyError if API returns an error object (USGS path)","status":"passed","title":"should set monthlyError if API returns an error object (USGS path)","duration":8.477006000000074,"failureMessages":[],"meta":{}},{"ancestorTitles":["EarthquakeDataContext: loadMonthlyData with D1 Fallback","Original USGS Path Tests (assuming D1 fails first for monthly load)"],"fullName":"EarthquakeDataContext: loadMonthlyData with D1 Fallback Original USGS Path Tests (assuming D1 fails first for monthly load) should set monthlyError if API call throws an error (USGS path)","status":"passed","title":"should set monthlyError if API call throws an error (USGS path)","duration":9.184154000000035,"failureMessages":[],"meta":{}},{"ancestorTitles":["EarthquakeDataContext: loadMonthlyData with D1 Fallback","Original USGS Path Tests (assuming D1 fails first for monthly load)"],"fullName":"EarthquakeDataContext: loadMonthlyData with D1 Fallback Original USGS Path Tests (assuming D1 fails first for monthly load) should set monthlyError if API returns empty features array (USGS path)","status":"passed","title":"should set monthlyError if API returns empty features array (USGS path)","duration":8.270016000000396,"failureMessages":[],"meta":{}},{"ancestorTitles":["EarthquakeDataContext: loadMonthlyData with D1 Fallback","Original USGS Path Tests (assuming D1 fails first for monthly load)"],"fullName":"EarthquakeDataContext: loadMonthlyData with D1 Fallback Original USGS Path Tests (assuming D1 fails first for monthly load) should set monthlyError if API returns no features key (USGS path)","status":"passed","title":"should set monthlyError if API returns no features key (USGS path)","duration":7.83678800000007,"failureMessages":[],"meta":{}}],"startTime":1750482762884,"endTime":1750482763413.8367,"status":"passed","message":"","name":"/app/src/tests/contexts/EarthquakeDataContext.monthlyLoad.test.jsx"},{"assertionResults":[{"ancestorTitles":["EarthquakeDataContext Reducer"],"fullName":"EarthquakeDataContext Reducer should return the initial state","status":"passed","title":"should return the initial state","duration":2.663330999999971,"failureMessages":[],"meta":{}},{"ancestorTitles":["EarthquakeDataContext Reducer","SET_LOADING_FLAGS action"],"fullName":"EarthquakeDataContext Reducer SET_LOADING_FLAGS action should update multiple loading flags","status":"passed","title":"should update multiple loading flags","duration":0.9509599999998954,"failureMessages":[],"meta":{}},{"ancestorTitles":["EarthquakeDataContext Reducer","SET_LOADING_FLAGS action"],"fullName":"EarthquakeDataContext Reducer SET_LOADING_FLAGS action should update a single loading flag","status":"passed","title":"should update a single loading flag","duration":0.3504290000000765,"failureMessages":[],"meta":{}},{"ancestorTitles":["EarthquakeDataContext Reducer","SET_LOADING_FLAGS action"],"fullName":"EarthquakeDataContext Reducer SET_LOADING_FLAGS action should not change other state properties","status":"passed","title":"should not change other state properties","duration":0.8159740000000966,"failureMessages":[],"meta":{}},{"ancestorTitles":["EarthquakeDataContext Reducer","SET_ERROR action"],"fullName":"EarthquakeDataContext Reducer SET_ERROR action should update general error and clear monthly error","status":"passed","title":"should update general error and clear monthly error","duration":0.7935629999999492,"failureMessages":[],"meta":{}},{"ancestorTitles":["EarthquakeDataContext Reducer","SET_ERROR action"],"fullName":"EarthquakeDataContext Reducer SET_ERROR action should update monthlyError and clear general error","status":"passed","title":"should update monthlyError and clear general error","duration":0.49357499999996435,"failureMessages":[],"meta":{}},{"ancestorTitles":["EarthquakeDataContext Reducer","SET_ERROR action"],"fullName":"EarthquakeDataContext Reducer SET_ERROR action should update only one error if the other is undefined in payload","status":"passed","title":"should update only one error if the other is undefined in payload","duration":0.43927800000005846,"failureMessages":[],"meta":{}},{"ancestorTitles":["EarthquakeDataContext Reducer"],"fullName":"EarthquakeDataContext Reducer should handle SET_INITIAL_LOAD_COMPLETE","status":"passed","title":"should handle SET_INITIAL_LOAD_COMPLETE","duration":0.3176089999999476,"failureMessages":[],"meta":{}},{"ancestorTitles":["EarthquakeDataContext Reducer"],"fullName":"EarthquakeDataContext Reducer should handle UPDATE_LOADING_MESSAGE_INDEX","status":"passed","title":"should handle UPDATE_LOADING_MESSAGE_INDEX","duration":0.444622999999865,"failureMessages":[],"meta":{}},{"ancestorTitles":["EarthquakeDataContext Reducer"],"fullName":"EarthquakeDataContext Reducer should handle UPDATE_LOADING_MESSAGE_INDEX and cycle to 0","status":"passed","title":"should handle UPDATE_LOADING_MESSAGE_INDEX and cycle to 0","duration":0.2303070000000389,"failureMessages":[],"meta":{}},{"ancestorTitles":["EarthquakeDataContext Reducer"],"fullName":"EarthquakeDataContext Reducer should handle SET_LOADING_MESSAGES","status":"passed","title":"should handle SET_LOADING_MESSAGES","duration":0.3941290000000208,"failureMessages":[],"meta":{}},{"ancestorTitles":["EarthquakeDataContext Reducer","DAILY_DATA_PROCESSED action"],"fullName":"EarthquakeDataContext Reducer DAILY_DATA_PROCESSED action should set isLoadingDaily to false and update fetch times","status":"passed","title":"should set isLoadingDaily to false and update fetch times","duration":0.3172389999999723,"failureMessages":[],"meta":{}},{"ancestorTitles":["EarthquakeDataContext Reducer","DAILY_DATA_PROCESSED action"],"fullName":"EarthquakeDataContext Reducer DAILY_DATA_PROCESSED action should filter earthquakes","status":"passed","title":"should filter earthquakes","duration":0.17839600000002065,"failureMessages":[],"meta":{}},{"ancestorTitles":["EarthquakeDataContext Reducer","DAILY_DATA_PROCESSED action"],"fullName":"EarthquakeDataContext Reducer DAILY_DATA_PROCESSED action should update tsunami and alert status","status":"passed","title":"should update tsunami and alert status","duration":0.1611080000000129,"failureMessages":[],"meta":{}},{"ancestorTitles":["EarthquakeDataContext Reducer","DAILY_DATA_PROCESSED action"],"fullName":"EarthquakeDataContext Reducer DAILY_DATA_PROCESSED action should consolidate major quakes","status":"passed","title":"should consolidate major quakes","duration":0.18025799999986702,"failureMessages":[],"meta":{}},{"ancestorTitles":["EarthquakeDataContext Reducer","DAILY_DATA_PROCESSED action"],"fullName":"EarthquakeDataContext Reducer DAILY_DATA_PROCESSED action should handle no alerts","status":"passed","title":"should handle no alerts","duration":0.37757600000009006,"failureMessages":[],"meta":{}},{"ancestorTitles":["EarthquakeDataContext Reducer","DAILY_DATA_PROCESSED action"],"fullName":"EarthquakeDataContext Reducer DAILY_DATA_PROCESSED action should handle no major quakes","status":"passed","title":"should handle no major quakes","duration":0.2342540000001918,"failureMessages":[],"meta":{}},{"ancestorTitles":["EarthquakeDataContext Reducer","WEEKLY_DATA_PROCESSED action"],"fullName":"EarthquakeDataContext Reducer WEEKLY_DATA_PROCESSED action should set isLoadingWeekly to false","status":"passed","title":"should set isLoadingWeekly to false","duration":0.11701100000004772,"failureMessages":[],"meta":{}},{"ancestorTitles":["EarthquakeDataContext Reducer","WEEKLY_DATA_PROCESSED action"],"fullName":"EarthquakeDataContext Reducer WEEKLY_DATA_PROCESSED action should filter earthquakes for last 72 hours (deduplicated) and last 7 days","status":"passed","title":"should filter earthquakes for last 72 hours (deduplicated) and last 7 days","duration":0.4468449999999393,"failureMessages":[],"meta":{}},{"ancestorTitles":["EarthquakeDataContext Reducer","WEEKLY_DATA_PROCESSED action"],"fullName":"EarthquakeDataContext Reducer WEEKLY_DATA_PROCESSED action should populate globeEarthquakes (sorted subset of last 72 hours, deduplicated)","status":"passed","title":"should populate globeEarthquakes (sorted subset of last 72 hours, deduplicated)","duration":0.37887899999986985,"failureMessages":[],"meta":{}},{"ancestorTitles":["EarthquakeDataContext Reducer","WEEKLY_DATA_PROCESSED action"],"fullName":"EarthquakeDataContext Reducer WEEKLY_DATA_PROCESSED action should filter prev24HourData (48h to 24h ago)","status":"passed","title":"should filter prev24HourData (48h to 24h ago)","duration":0.1586250000000291,"failureMessages":[],"meta":{}},{"ancestorTitles":["EarthquakeDataContext Reducer","WEEKLY_DATA_PROCESSED action"],"fullName":"EarthquakeDataContext Reducer WEEKLY_DATA_PROCESSED action should consolidate major quakes from weekly data","status":"passed","title":"should consolidate major quakes from weekly data","duration":0.33767600000010134,"failureMessages":[],"meta":{}},{"ancestorTitles":["EarthquakeDataContext Reducer","WEEKLY_DATA_PROCESSED action"],"fullName":"EarthquakeDataContext Reducer WEEKLY_DATA_PROCESSED action should calculate dailyCounts7Days, sampledEarthquakesLast7Days, and magnitudeDistribution7Days","status":"passed","title":"should calculate dailyCounts7Days, sampledEarthquakesLast7Days, and magnitudeDistribution7Days","duration":0.2931970000001911,"failureMessages":[],"meta":{}},{"ancestorTitles":["EarthquakeDataContext Reducer","WEEKLY_DATA_PROCESSED action"],"fullName":"EarthquakeDataContext Reducer WEEKLY_DATA_PROCESSED action should handle empty features for weekly processing","status":"passed","title":"should handle empty features for weekly processing","duration":1.6215689999999086,"failureMessages":[],"meta":{}},{"ancestorTitles":["EarthquakeDataContext Reducer","MONTHLY_DATA_PROCESSED action"],"fullName":"EarthquakeDataContext Reducer MONTHLY_DATA_PROCESSED action should set isLoadingMonthly to false, hasAttemptedMonthlyLoad to true","status":"passed","title":"should set isLoadingMonthly to false, hasAttemptedMonthlyLoad to true","duration":0.15086900000005699,"failureMessages":[],"meta":{}},{"ancestorTitles":["EarthquakeDataContext Reducer","MONTHLY_DATA_PROCESSED action"],"fullName":"EarthquakeDataContext Reducer MONTHLY_DATA_PROCESSED action should populate allEarthquakes, earthquakesLast14Days, and earthquakesLast30Days","status":"passed","title":"should populate allEarthquakes, earthquakesLast14Days, and earthquakesLast30Days","duration":0.3627599999999802,"failureMessages":[],"meta":{}},{"ancestorTitles":["EarthquakeDataContext Reducer","MONTHLY_DATA_PROCESSED action"],"fullName":"EarthquakeDataContext Reducer MONTHLY_DATA_PROCESSED action should filter prev7DayData and prev14DayData","status":"passed","title":"should filter prev7DayData and prev14DayData","duration":0.33994700000016564,"failureMessages":[],"meta":{}},{"ancestorTitles":["EarthquakeDataContext Reducer","MONTHLY_DATA_PROCESSED action"],"fullName":"EarthquakeDataContext Reducer MONTHLY_DATA_PROCESSED action should consolidate major quakes from monthly data","status":"passed","title":"should consolidate major quakes from monthly data","duration":0.17518999999992957,"failureMessages":[],"meta":{}},{"ancestorTitles":["EarthquakeDataContext Reducer","MONTHLY_DATA_PROCESSED action"],"fullName":"EarthquakeDataContext Reducer MONTHLY_DATA_PROCESSED action should calculate dailyCounts, sampledEarthquakes, and magnitudeDistribution for 14/30 days","status":"passed","title":"should calculate dailyCounts, sampledEarthquakes, and magnitudeDistribution for 14/30 days","duration":0.28422199999999975,"failureMessages":[],"meta":{}},{"ancestorTitles":["EarthquakeDataContext Reducer","MONTHLY_DATA_PROCESSED action"],"fullName":"EarthquakeDataContext Reducer MONTHLY_DATA_PROCESSED action should handle empty features for monthly processing","status":"passed","title":"should handle empty features for monthly processing","duration":5.560977999999977,"failureMessages":[],"meta":{}},{"ancestorTitles":["EarthquakeDataContext Reducer","MONTHLY_DATA_PROCESSED action"],"fullName":"EarthquakeDataContext Reducer MONTHLY_DATA_PROCESSED action should clear monthlyError","status":"passed","title":"should clear monthlyError","duration":7.642909000000145,"failureMessages":[],"meta":{}}],"startTime":1750482765742,"endTime":1750482765770.6428,"status":"passed","message":"","name":"/app/src/tests/contexts/EarthquakeDataContext.reducer.test.jsx"},{"assertionResults":[{"ancestorTitles":["EarthquakeDataProvider Data Refresh"],"fullName":"EarthquakeDataProvider Data Refresh should refresh data when refresh interval callback is manually triggered","status":"passed","title":"should refresh data when refresh interval callback is manually triggered","duration":58.15276700000004,"failureMessages":[],"meta":{}}],"startTime":1750482791197,"endTime":1750482791255.1528,"status":"passed","message":"","name":"/app/src/tests/contexts/EarthquakeDataContext.refresh.test.jsx"},{"assertionResults":[{"ancestorTitles":["EarthquakeDataContext: Memoized Selectors"],"fullName":"EarthquakeDataContext: Memoized Selectors should correctly compute memoized selectors based on context state","status":"passed","title":"should correctly compute memoized selectors based on context state","duration":19.241232999999966,"failureMessages":[],"meta":{}}],"startTime":1750482789773,"endTime":1750482789792.2412,"status":"passed","message":"","name":"/app/src/tests/contexts/EarthquakeDataContext.selectors.test.jsx"},{"assertionResults":[{"ancestorTitles":["UIStateContext"],"fullName":"UIStateContext should provide the correct initial state","status":"passed","title":"should provide the correct initial state","duration":22.129572000000053,"failureMessages":[],"meta":{}},{"ancestorTitles":["UIStateContext"],"fullName":"UIStateContext should read initial activeSidebarView from URL search params","status":"passed","title":"should read initial activeSidebarView from URL search params","duration":3.1068729999999505,"failureMessages":[],"meta":{}},{"ancestorTitles":["UIStateContext"],"fullName":"UIStateContext should read initial activeFeedPeriod from URL search params","status":"passed","title":"should read initial activeFeedPeriod from URL search params","duration":4.200966000000108,"failureMessages":[],"meta":{}},{"ancestorTitles":["UIStateContext","changeSidebarView function"],"fullName":"UIStateContext changeSidebarView function should update activeSidebarView and URL search params","status":"passed","title":"should update activeSidebarView and URL search params","duration":7.209826000000021,"failureMessages":[],"meta":{}},{"ancestorTitles":["UIStateContext","changeSidebarView function"],"fullName":"UIStateContext changeSidebarView function should default to overview_panel if no view is provided and update URL","status":"passed","title":"should default to overview_panel if no view is provided and update URL","duration":2.677323000000115,"failureMessages":[],"meta":{}},{"ancestorTitles":["UIStateContext","changeSidebarView function"],"fullName":"UIStateContext changeSidebarView function should not call setSearchParams if view is already set in URL (but still update state)","status":"passed","title":"should not call setSearchParams if view is already set in URL (but still update state)","duration":2.2452270000001135,"failureMessages":[],"meta":{}},{"ancestorTitles":["UIStateContext","changeActiveFeedPeriod function"],"fullName":"UIStateContext changeActiveFeedPeriod function should update activeFeedPeriod and URL search params","status":"passed","title":"should update activeFeedPeriod and URL search params","duration":2.439046999999846,"failureMessages":[],"meta":{}},{"ancestorTitles":["UIStateContext","changeActiveFeedPeriod function"],"fullName":"UIStateContext changeActiveFeedPeriod function should default to last_24_hours if no period is provided and update URL","status":"passed","title":"should default to last_24_hours if no period is provided and update URL","duration":1.7601329999999962,"failureMessages":[],"meta":{}},{"ancestorTitles":["UIStateContext","changeActiveFeedPeriod function"],"fullName":"UIStateContext changeActiveFeedPeriod function should not call setSearchParams if period is already set in URL (but still update state)","status":"passed","title":"should not call setSearchParams if period is already set in URL (but still update state)","duration":3.155002000000195,"failureMessages":[],"meta":{}},{"ancestorTitles":["UIStateContext","setGlobeFocusLng function"],"fullName":"UIStateContext setGlobeFocusLng function should update globeFocusLng","status":"passed","title":"should update globeFocusLng","duration":2.1995580000000245,"failureMessages":[],"meta":{}},{"ancestorTitles":["UIStateContext","setFocusedNotableQuake function"],"fullName":"UIStateContext setFocusedNotableQuake function should update focusedNotableQuake","status":"passed","title":"should update focusedNotableQuake","duration":4.122200000000021,"failureMessages":[],"meta":{}},{"ancestorTitles":["UIStateContext","setFocusedNotableQuake function"],"fullName":"UIStateContext setFocusedNotableQuake function should allow setting focusedNotableQuake to null","status":"passed","title":"should allow setting focusedNotableQuake to null","duration":2.027958000000126,"failureMessages":[],"meta":{}}],"startTime":1750482782123,"endTime":1750482782182.028,"status":"passed","message":"","name":"/app/src/tests/contexts/UIStateContext.test.jsx"}]}